[0.017s] Invoking command in '/home/pedro/Mechanical_Analysis/ROS2_ws/build/denso_cobotta_description': CMAKE_PREFIX_PATH=${CMAKE_PREFIX_PATH}:/home/pedro/ws_moveit2/install/moveit_configs_utils:/home/pedro/ws_moveit2/install/launch_param_builder:/home/pedro/ws_mycobot/install/ultraarm:/home/pedro/ws_mycobot/install/mypalletizer_260_pi:/home/pedro/ws_mycobot/install/mypalletizer_260:/home/pedro/ws_mycobot/install/mypalletizer_communication:/home/pedro/ws_mycobot/install/mycobot_320pi:/home/pedro/ws_mycobot/install/mycobot_320:/home/pedro/ws_mycobot/install/mycobot_280pi:/home/pedro/ws_mycobot/install/mycobot_280jn:/home/pedro/ws_mycobot/install/mycobot_280:/home/pedro/ws_mycobot/install/mycobot_communication:/home/pedro/ws_mycobot/install/mecharm_pi:/home/pedro/ws_mycobot/install/mecharm:/home/pedro/ws_mycobot/install/mecharm_communication:/home/pedro/ws_mycobot/install/mybuddy:/home/pedro/ws_mycobot/install/mycobot_description:/opt/ros/humble /usr/bin/cmake /home/pedro/Mechanical_Analysis/ROS2_ws/src/denso_cobotta_description -DCMAKE_INSTALL_PREFIX=/home/pedro/Mechanical_Analysis/ROS2_ws/install/denso_cobotta_description
[0.151s] -- The C compiler identification is GNU 11.3.0
[0.277s] -- The CXX compiler identification is GNU 11.3.0
[0.285s] -- Detecting C compiler ABI info
[0.331s] -- Detecting C compiler ABI info - done
[0.338s] -- Check for working C compiler: /usr/bin/cc - skipped
[0.338s] -- Detecting C compile features
[0.338s] -- Detecting C compile features - done
[0.341s] -- Detecting CXX compiler ABI info
[0.416s] -- Detecting CXX compiler ABI info - done
[0.421s] -- Check for working CXX compiler: /usr/bin/c++ - skipped
[0.421s] -- Detecting CXX compile features
[0.421s] -- Detecting CXX compile features - done
[0.427s] -- Found ament_cmake: 1.3.3 (/opt/ros/humble/share/ament_cmake/cmake)
[0.567s] -- Found Python3: /usr/bin/python3.10 (found version "3.10.6") found components: Interpreter 
[0.703s] -- Configuring done
[0.705s] -- Generating done
[0.705s] -- Build files have been written to: /home/pedro/Mechanical_Analysis/ROS2_ws/build/denso_cobotta_description
[0.708s] Invoked command in '/home/pedro/Mechanical_Analysis/ROS2_ws/build/denso_cobotta_description' returned '0': CMAKE_PREFIX_PATH=${CMAKE_PREFIX_PATH}:/home/pedro/ws_moveit2/install/moveit_configs_utils:/home/pedro/ws_moveit2/install/launch_param_builder:/home/pedro/ws_mycobot/install/ultraarm:/home/pedro/ws_mycobot/install/mypalletizer_260_pi:/home/pedro/ws_mycobot/install/mypalletizer_260:/home/pedro/ws_mycobot/install/mypalletizer_communication:/home/pedro/ws_mycobot/install/mycobot_320pi:/home/pedro/ws_mycobot/install/mycobot_320:/home/pedro/ws_mycobot/install/mycobot_280pi:/home/pedro/ws_mycobot/install/mycobot_280jn:/home/pedro/ws_mycobot/install/mycobot_280:/home/pedro/ws_mycobot/install/mycobot_communication:/home/pedro/ws_mycobot/install/mecharm_pi:/home/pedro/ws_mycobot/install/mecharm:/home/pedro/ws_mycobot/install/mecharm_communication:/home/pedro/ws_mycobot/install/mybuddy:/home/pedro/ws_mycobot/install/mycobot_description:/opt/ros/humble /usr/bin/cmake /home/pedro/Mechanical_Analysis/ROS2_ws/src/denso_cobotta_description -DCMAKE_INSTALL_PREFIX=/home/pedro/Mechanical_Analysis/ROS2_ws/install/denso_cobotta_description
[0.709s] Invoking command in '/home/pedro/Mechanical_Analysis/ROS2_ws/build/denso_cobotta_description': CMAKE_PREFIX_PATH=${CMAKE_PREFIX_PATH}:/home/pedro/ws_moveit2/install/moveit_configs_utils:/home/pedro/ws_moveit2/install/launch_param_builder:/home/pedro/ws_mycobot/install/ultraarm:/home/pedro/ws_mycobot/install/mypalletizer_260_pi:/home/pedro/ws_mycobot/install/mypalletizer_260:/home/pedro/ws_mycobot/install/mypalletizer_communication:/home/pedro/ws_mycobot/install/mycobot_320pi:/home/pedro/ws_mycobot/install/mycobot_320:/home/pedro/ws_mycobot/install/mycobot_280pi:/home/pedro/ws_mycobot/install/mycobot_280jn:/home/pedro/ws_mycobot/install/mycobot_280:/home/pedro/ws_mycobot/install/mycobot_communication:/home/pedro/ws_mycobot/install/mecharm_pi:/home/pedro/ws_mycobot/install/mecharm:/home/pedro/ws_mycobot/install/mecharm_communication:/home/pedro/ws_mycobot/install/mybuddy:/home/pedro/ws_mycobot/install/mycobot_description:/opt/ros/humble /usr/bin/cmake --build /home/pedro/Mechanical_Analysis/ROS2_ws/build/denso_cobotta_description -- -j8 -l8
[0.723s] Invoked command in '/home/pedro/Mechanical_Analysis/ROS2_ws/build/denso_cobotta_description' returned '0': CMAKE_PREFIX_PATH=${CMAKE_PREFIX_PATH}:/home/pedro/ws_moveit2/install/moveit_configs_utils:/home/pedro/ws_moveit2/install/launch_param_builder:/home/pedro/ws_mycobot/install/ultraarm:/home/pedro/ws_mycobot/install/mypalletizer_260_pi:/home/pedro/ws_mycobot/install/mypalletizer_260:/home/pedro/ws_mycobot/install/mypalletizer_communication:/home/pedro/ws_mycobot/install/mycobot_320pi:/home/pedro/ws_mycobot/install/mycobot_320:/home/pedro/ws_mycobot/install/mycobot_280pi:/home/pedro/ws_mycobot/install/mycobot_280jn:/home/pedro/ws_mycobot/install/mycobot_280:/home/pedro/ws_mycobot/install/mycobot_communication:/home/pedro/ws_mycobot/install/mecharm_pi:/home/pedro/ws_mycobot/install/mecharm:/home/pedro/ws_mycobot/install/mecharm_communication:/home/pedro/ws_mycobot/install/mybuddy:/home/pedro/ws_mycobot/install/mycobot_description:/opt/ros/humble /usr/bin/cmake --build /home/pedro/Mechanical_Analysis/ROS2_ws/build/denso_cobotta_description -- -j8 -l8
[0.747s] Invoking command in '/home/pedro/Mechanical_Analysis/ROS2_ws/build/denso_cobotta_description': CMAKE_PREFIX_PATH=${CMAKE_PREFIX_PATH}:/home/pedro/ws_moveit2/install/moveit_configs_utils:/home/pedro/ws_moveit2/install/launch_param_builder:/home/pedro/ws_mycobot/install/ultraarm:/home/pedro/ws_mycobot/install/mypalletizer_260_pi:/home/pedro/ws_mycobot/install/mypalletizer_260:/home/pedro/ws_mycobot/install/mypalletizer_communication:/home/pedro/ws_mycobot/install/mycobot_320pi:/home/pedro/ws_mycobot/install/mycobot_320:/home/pedro/ws_mycobot/install/mycobot_280pi:/home/pedro/ws_mycobot/install/mycobot_280jn:/home/pedro/ws_mycobot/install/mycobot_280:/home/pedro/ws_mycobot/install/mycobot_communication:/home/pedro/ws_mycobot/install/mecharm_pi:/home/pedro/ws_mycobot/install/mecharm:/home/pedro/ws_mycobot/install/mecharm_communication:/home/pedro/ws_mycobot/install/mybuddy:/home/pedro/ws_mycobot/install/mycobot_description:/opt/ros/humble /usr/bin/cmake --install /home/pedro/Mechanical_Analysis/ROS2_ws/build/denso_cobotta_description
[0.749s] -- Install configuration: ""
[0.749s] -- Installing: /home/pedro/Mechanical_Analysis/ROS2_ws/install/denso_cobotta_description/share/ament_index/resource_index/package_run_dependencies/denso_cobotta_description
[0.750s] -- Installing: /home/pedro/Mechanical_Analysis/ROS2_ws/install/denso_cobotta_description/share/ament_index/resource_index/parent_prefix_path/denso_cobotta_description
[0.750s] -- Installing: /home/pedro/Mechanical_Analysis/ROS2_ws/install/denso_cobotta_description/share/denso_cobotta_description/environment/ament_prefix_path.sh
[0.750s] -- Installing: /home/pedro/Mechanical_Analysis/ROS2_ws/install/denso_cobotta_description/share/denso_cobotta_description/environment/ament_prefix_path.dsv
[0.750s] -- Installing: /home/pedro/Mechanical_Analysis/ROS2_ws/install/denso_cobotta_description/share/denso_cobotta_description/environment/path.sh
[0.750s] -- Installing: /home/pedro/Mechanical_Analysis/ROS2_ws/install/denso_cobotta_description/share/denso_cobotta_description/environment/path.dsv
[0.750s] -- Installing: /home/pedro/Mechanical_Analysis/ROS2_ws/install/denso_cobotta_description/share/denso_cobotta_description/local_setup.bash
[0.750s] -- Installing: /home/pedro/Mechanical_Analysis/ROS2_ws/install/denso_cobotta_description/share/denso_cobotta_description/local_setup.sh
[0.750s] -- Installing: /home/pedro/Mechanical_Analysis/ROS2_ws/install/denso_cobotta_description/share/denso_cobotta_description/local_setup.zsh
[0.750s] -- Installing: /home/pedro/Mechanical_Analysis/ROS2_ws/install/denso_cobotta_description/share/denso_cobotta_description/local_setup.dsv
[0.750s] -- Installing: /home/pedro/Mechanical_Analysis/ROS2_ws/install/denso_cobotta_description/share/denso_cobotta_description/package.dsv
[0.750s] -- Installing: /home/pedro/Mechanical_Analysis/ROS2_ws/install/denso_cobotta_description/share/ament_index/resource_index/packages/denso_cobotta_description
[0.750s] -- Installing: /home/pedro/Mechanical_Analysis/ROS2_ws/install/denso_cobotta_description/share/denso_cobotta_description/cmake/denso_cobotta_descriptionConfig.cmake
[0.750s] -- Installing: /home/pedro/Mechanical_Analysis/ROS2_ws/install/denso_cobotta_description/share/denso_cobotta_description/cmake/denso_cobotta_descriptionConfig-version.cmake
[0.750s] -- Installing: /home/pedro/Mechanical_Analysis/ROS2_ws/install/denso_cobotta_description/share/denso_cobotta_description/package.xml
[0.750s] -- Installing: /home/pedro/Mechanical_Analysis/ROS2_ws/install/denso_cobotta_description/share/denso_cobotta_description/urdf
[0.750s] -- Installing: /home/pedro/Mechanical_Analysis/ROS2_ws/install/denso_cobotta_description/share/denso_cobotta_description/urdf/vacuum.urdf.xacro
[0.750s] -- Installing: /home/pedro/Mechanical_Analysis/ROS2_ws/install/denso_cobotta_description/share/denso_cobotta_description/urdf/parallel.urdf.xacro
[0.750s] -- Installing: /home/pedro/Mechanical_Analysis/ROS2_ws/install/denso_cobotta_description/share/denso_cobotta_description/urdf/cobotta.urdf.xacro
[0.750s] -- Installing: /home/pedro/Mechanical_Analysis/ROS2_ws/install/denso_cobotta_description/share/denso_cobotta_description/meshes
[0.750s] -- Installing: /home/pedro/Mechanical_Analysis/ROS2_ws/install/denso_cobotta_description/share/denso_cobotta_description/meshes/collision
[0.751s] -- Installing: /home/pedro/Mechanical_Analysis/ROS2_ws/install/denso_cobotta_description/share/denso_cobotta_description/meshes/collision/tool
[0.751s] -- Installing: /home/pedro/Mechanical_Analysis/ROS2_ws/install/denso_cobotta_description/share/denso_cobotta_description/meshes/collision/tool/vacuum.dae
[0.751s] -- Installing: /home/pedro/Mechanical_Analysis/ROS2_ws/install/denso_cobotta_description/share/denso_cobotta_description/meshes/collision/tool/pad.dae
[0.751s] -- Installing: /home/pedro/Mechanical_Analysis/ROS2_ws/install/denso_cobotta_description/share/denso_cobotta_description/meshes/collision/tool/gripper_base.dae
[0.751s] -- Installing: /home/pedro/Mechanical_Analysis/ROS2_ws/install/denso_cobotta_description/share/denso_cobotta_description/meshes/collision/tool/right_finger.dae
[0.751s] -- Installing: /home/pedro/Mechanical_Analysis/ROS2_ws/install/denso_cobotta_description/share/denso_cobotta_description/meshes/collision/tool/left_finger.dae
[0.751s] -- Installing: /home/pedro/Mechanical_Analysis/ROS2_ws/install/denso_cobotta_description/share/denso_cobotta_description/meshes/collision/robot
[0.751s] -- Installing: /home/pedro/Mechanical_Analysis/ROS2_ws/install/denso_cobotta_description/share/denso_cobotta_description/meshes/collision/robot/J1.dae
[0.751s] -- Installing: /home/pedro/Mechanical_Analysis/ROS2_ws/install/denso_cobotta_description/share/denso_cobotta_description/meshes/collision/robot/base_link.dae
[0.751s] -- Installing: /home/pedro/Mechanical_Analysis/ROS2_ws/install/denso_cobotta_description/share/denso_cobotta_description/meshes/collision/robot/J5.dae
[0.751s] -- Installing: /home/pedro/Mechanical_Analysis/ROS2_ws/install/denso_cobotta_description/share/denso_cobotta_description/meshes/collision/robot/J6.dae
[0.751s] -- Installing: /home/pedro/Mechanical_Analysis/ROS2_ws/install/denso_cobotta_description/share/denso_cobotta_description/meshes/collision/robot/J2.dae
[0.751s] -- Installing: /home/pedro/Mechanical_Analysis/ROS2_ws/install/denso_cobotta_description/share/denso_cobotta_description/meshes/collision/robot/J3.dae
[0.751s] -- Installing: /home/pedro/Mechanical_Analysis/ROS2_ws/install/denso_cobotta_description/share/denso_cobotta_description/meshes/collision/robot/J4.dae
[0.751s] -- Installing: /home/pedro/Mechanical_Analysis/ROS2_ws/install/denso_cobotta_description/share/denso_cobotta_description/meshes/visual
[0.751s] -- Installing: /home/pedro/Mechanical_Analysis/ROS2_ws/install/denso_cobotta_description/share/denso_cobotta_description/meshes/visual/tool
[0.751s] -- Installing: /home/pedro/Mechanical_Analysis/ROS2_ws/install/denso_cobotta_description/share/denso_cobotta_description/meshes/visual/tool/vacuum.dae
[0.751s] -- Installing: /home/pedro/Mechanical_Analysis/ROS2_ws/install/denso_cobotta_description/share/denso_cobotta_description/meshes/visual/tool/pad.dae
[0.752s] -- Installing: /home/pedro/Mechanical_Analysis/ROS2_ws/install/denso_cobotta_description/share/denso_cobotta_description/meshes/visual/tool/gripper_base.dae
[0.752s] -- Installing: /home/pedro/Mechanical_Analysis/ROS2_ws/install/denso_cobotta_description/share/denso_cobotta_description/meshes/visual/tool/right_finger.dae
[0.752s] -- Installing: /home/pedro/Mechanical_Analysis/ROS2_ws/install/denso_cobotta_description/share/denso_cobotta_description/meshes/visual/tool/left_finger.dae
[0.752s] -- Installing: /home/pedro/Mechanical_Analysis/ROS2_ws/install/denso_cobotta_description/share/denso_cobotta_description/meshes/visual/robot
[0.752s] -- Installing: /home/pedro/Mechanical_Analysis/ROS2_ws/install/denso_cobotta_description/share/denso_cobotta_description/meshes/visual/robot/J1.dae
[0.752s] -- Installing: /home/pedro/Mechanical_Analysis/ROS2_ws/install/denso_cobotta_description/share/denso_cobotta_description/meshes/visual/robot/base_link.dae
[0.752s] -- Installing: /home/pedro/Mechanical_Analysis/ROS2_ws/install/denso_cobotta_description/share/denso_cobotta_description/meshes/visual/robot/J5.dae
[0.752s] -- Installing: /home/pedro/Mechanical_Analysis/ROS2_ws/install/denso_cobotta_description/share/denso_cobotta_description/meshes/visual/robot/J6.dae
[0.752s] -- Installing: /home/pedro/Mechanical_Analysis/ROS2_ws/install/denso_cobotta_description/share/denso_cobotta_description/meshes/visual/robot/J2.dae
[0.752s] -- Installing: /home/pedro/Mechanical_Analysis/ROS2_ws/install/denso_cobotta_description/share/denso_cobotta_description/meshes/visual/robot/J3.dae
[0.753s] -- Installing: /home/pedro/Mechanical_Analysis/ROS2_ws/install/denso_cobotta_description/share/denso_cobotta_description/meshes/visual/robot/J4.dae
[0.753s] -- Installing: /home/pedro/Mechanical_Analysis/ROS2_ws/install/denso_cobotta_description/share/denso_cobotta_description/launch
[0.753s] -- Installing: /home/pedro/Mechanical_Analysis/ROS2_ws/install/denso_cobotta_description/share/denso_cobotta_description/config
[0.753s] -- Installing: /home/pedro/Mechanical_Analysis/ROS2_ws/install/denso_cobotta_description/share/denso_cobotta_description/.setup_assistant
[0.754s] Invoked command in '/home/pedro/Mechanical_Analysis/ROS2_ws/build/denso_cobotta_description' returned '0': CMAKE_PREFIX_PATH=${CMAKE_PREFIX_PATH}:/home/pedro/ws_moveit2/install/moveit_configs_utils:/home/pedro/ws_moveit2/install/launch_param_builder:/home/pedro/ws_mycobot/install/ultraarm:/home/pedro/ws_mycobot/install/mypalletizer_260_pi:/home/pedro/ws_mycobot/install/mypalletizer_260:/home/pedro/ws_mycobot/install/mypalletizer_communication:/home/pedro/ws_mycobot/install/mycobot_320pi:/home/pedro/ws_mycobot/install/mycobot_320:/home/pedro/ws_mycobot/install/mycobot_280pi:/home/pedro/ws_mycobot/install/mycobot_280jn:/home/pedro/ws_mycobot/install/mycobot_280:/home/pedro/ws_mycobot/install/mycobot_communication:/home/pedro/ws_mycobot/install/mecharm_pi:/home/pedro/ws_mycobot/install/mecharm:/home/pedro/ws_mycobot/install/mecharm_communication:/home/pedro/ws_mycobot/install/mybuddy:/home/pedro/ws_mycobot/install/mycobot_description:/opt/ros/humble /usr/bin/cmake --install /home/pedro/Mechanical_Analysis/ROS2_ws/build/denso_cobotta_description
