[0.258s] DEBUG:colcon:Command line arguments: ['/usr/bin/colcon', 'build']
[0.258s] DEBUG:colcon:Parsed command line arguments: Namespace(log_base=None, log_level=None, verb_name='build', build_base='build', install_base='install', merge_install=False, symlink_install=False, test_result_base=None, continue_on_error=False, executor='parallel', parallel_workers=8, event_handlers=None, ignore_user_meta=False, metas=['./colcon.meta'], base_paths=['.'], packages_ignore=None, packages_ignore_regex=None, paths=None, packages_up_to=None, packages_up_to_regex=None, packages_above=None, packages_above_and_dependencies=None, packages_above_depth=None, packages_select_by_dep=None, packages_skip_by_dep=None, packages_skip_up_to=None, packages_select_build_failed=False, packages_skip_build_finished=False, packages_select_test_failures=False, packages_skip_test_passed=False, packages_select=None, packages_skip=None, packages_select_regex=None, packages_skip_regex=None, packages_start=None, packages_end=None, allow_overriding=[], cmake_args=None, cmake_target=None, cmake_target_skip_unavailable=False, cmake_clean_cache=False, cmake_clean_first=False, cmake_force_configure=False, ament_cmake_args=None, catkin_cmake_args=None, catkin_skip_building_tests=False, mixin_files=None, mixin=None, verb_parser=<colcon_mixin.mixin.mixin_argument.MixinArgumentDecorator object at 0x7f358f6c9210>, verb_extension=<colcon_core.verb.build.BuildVerb object at 0x7f358f6c8b80>, main=<bound method BuildVerb.main of <colcon_core.verb.build.BuildVerb object at 0x7f358f6c8b80>>, mixin_verb=('build',))
[0.274s] Level 1:colcon.colcon_core.package_discovery:discover_packages(colcon_meta) check parameters
[0.274s] Level 1:colcon.colcon_core.package_discovery:discover_packages(recursive) check parameters
[0.274s] Level 1:colcon.colcon_core.package_discovery:discover_packages(ignore) check parameters
[0.274s] Level 1:colcon.colcon_core.package_discovery:discover_packages(path) check parameters
[0.274s] Level 1:colcon.colcon_core.package_discovery:discover_packages(colcon_meta) discover
[0.274s] Level 1:colcon.colcon_core.package_discovery:discover_packages(recursive) discover
[0.274s] INFO:colcon.colcon_core.package_discovery:Crawling recursively for packages in '/home/pedro/Mechanical_Analysis/ROS2_ws'
[0.275s] Level 1:colcon.colcon_core.package_identification:_identify(.) by extensions ['ignore', 'ignore_ament_install']
[0.275s] Level 1:colcon.colcon_core.package_identification:_identify(.) by extension 'ignore'
[0.275s] Level 1:colcon.colcon_core.package_identification:_identify(.) by extension 'ignore_ament_install'
[0.275s] Level 1:colcon.colcon_core.package_identification:_identify(.) by extensions ['colcon_pkg']
[0.275s] Level 1:colcon.colcon_core.package_identification:_identify(.) by extension 'colcon_pkg'
[0.275s] Level 1:colcon.colcon_core.package_identification:_identify(.) by extensions ['colcon_meta']
[0.275s] Level 1:colcon.colcon_core.package_identification:_identify(.) by extension 'colcon_meta'
[0.275s] Level 1:colcon.colcon_core.package_identification:_identify(.) by extensions ['ros']
[0.275s] Level 1:colcon.colcon_core.package_identification:_identify(.) by extension 'ros'
[0.281s] Level 1:colcon.colcon_core.package_identification:_identify(.) by extensions ['cmake', 'python']
[0.282s] Level 1:colcon.colcon_core.package_identification:_identify(.) by extension 'cmake'
[0.282s] Level 1:colcon.colcon_core.package_identification:_identify(.) by extension 'python'
[0.282s] Level 1:colcon.colcon_core.package_identification:_identify(.) by extensions ['python_setup_py']
[0.282s] Level 1:colcon.colcon_core.package_identification:_identify(.) by extension 'python_setup_py'
[0.282s] Level 1:colcon.colcon_core.package_identification:_identify(build) by extensions ['ignore', 'ignore_ament_install']
[0.282s] Level 1:colcon.colcon_core.package_identification:_identify(build) by extension 'ignore'
[0.282s] Level 1:colcon.colcon_core.package_identification:_identify(build) ignored
[0.282s] Level 1:colcon.colcon_core.package_identification:_identify(install) by extensions ['ignore', 'ignore_ament_install']
[0.282s] Level 1:colcon.colcon_core.package_identification:_identify(install) by extension 'ignore'
[0.282s] Level 1:colcon.colcon_core.package_identification:_identify(install) ignored
[0.282s] Level 1:colcon.colcon_core.package_identification:_identify(log) by extensions ['ignore', 'ignore_ament_install']
[0.282s] Level 1:colcon.colcon_core.package_identification:_identify(log) by extension 'ignore'
[0.282s] Level 1:colcon.colcon_core.package_identification:_identify(log) ignored
[0.282s] Level 1:colcon.colcon_core.package_identification:_identify(src) by extensions ['ignore', 'ignore_ament_install']
[0.282s] Level 1:colcon.colcon_core.package_identification:_identify(src) by extension 'ignore'
[0.282s] Level 1:colcon.colcon_core.package_identification:_identify(src) by extension 'ignore_ament_install'
[0.282s] Level 1:colcon.colcon_core.package_identification:_identify(src) by extensions ['colcon_pkg']
[0.282s] Level 1:colcon.colcon_core.package_identification:_identify(src) by extension 'colcon_pkg'
[0.282s] Level 1:colcon.colcon_core.package_identification:_identify(src) by extensions ['colcon_meta']
[0.282s] Level 1:colcon.colcon_core.package_identification:_identify(src) by extension 'colcon_meta'
[0.282s] Level 1:colcon.colcon_core.package_identification:_identify(src) by extensions ['ros']
[0.282s] Level 1:colcon.colcon_core.package_identification:_identify(src) by extension 'ros'
[0.282s] Level 1:colcon.colcon_core.package_identification:_identify(src) by extensions ['cmake', 'python']
[0.282s] Level 1:colcon.colcon_core.package_identification:_identify(src) by extension 'cmake'
[0.282s] Level 1:colcon.colcon_core.package_identification:_identify(src) by extension 'python'
[0.282s] Level 1:colcon.colcon_core.package_identification:_identify(src) by extensions ['python_setup_py']
[0.282s] Level 1:colcon.colcon_core.package_identification:_identify(src) by extension 'python_setup_py'
[0.282s] Level 1:colcon.colcon_core.package_identification:_identify(src/denso_cobotta_description) by extensions ['ignore', 'ignore_ament_install']
[0.282s] Level 1:colcon.colcon_core.package_identification:_identify(src/denso_cobotta_description) by extension 'ignore'
[0.282s] Level 1:colcon.colcon_core.package_identification:_identify(src/denso_cobotta_description) by extension 'ignore_ament_install'
[0.282s] Level 1:colcon.colcon_core.package_identification:_identify(src/denso_cobotta_description) by extensions ['colcon_pkg']
[0.283s] Level 1:colcon.colcon_core.package_identification:_identify(src/denso_cobotta_description) by extension 'colcon_pkg'
[0.283s] Level 1:colcon.colcon_core.package_identification:_identify(src/denso_cobotta_description) by extensions ['colcon_meta']
[0.283s] Level 1:colcon.colcon_core.package_identification:_identify(src/denso_cobotta_description) by extension 'colcon_meta'
[0.283s] Level 1:colcon.colcon_core.package_identification:_identify(src/denso_cobotta_description) by extensions ['ros']
[0.283s] Level 1:colcon.colcon_core.package_identification:_identify(src/denso_cobotta_description) by extension 'ros'
[0.284s] DEBUG:colcon.colcon_core.package_identification:Package 'src/denso_cobotta_description' with type 'ros.ament_cmake' and name 'denso_cobotta_description'
[0.284s] Level 1:colcon.colcon_core.package_identification:_identify(src/denso_cobotta_moveit_config) by extensions ['ignore', 'ignore_ament_install']
[0.284s] Level 1:colcon.colcon_core.package_identification:_identify(src/denso_cobotta_moveit_config) by extension 'ignore'
[0.284s] Level 1:colcon.colcon_core.package_identification:_identify(src/denso_cobotta_moveit_config) by extension 'ignore_ament_install'
[0.284s] Level 1:colcon.colcon_core.package_identification:_identify(src/denso_cobotta_moveit_config) by extensions ['colcon_pkg']
[0.284s] Level 1:colcon.colcon_core.package_identification:_identify(src/denso_cobotta_moveit_config) by extension 'colcon_pkg'
[0.284s] Level 1:colcon.colcon_core.package_identification:_identify(src/denso_cobotta_moveit_config) by extensions ['colcon_meta']
[0.284s] Level 1:colcon.colcon_core.package_identification:_identify(src/denso_cobotta_moveit_config) by extension 'colcon_meta'
[0.284s] Level 1:colcon.colcon_core.package_identification:_identify(src/denso_cobotta_moveit_config) by extensions ['ros']
[0.284s] Level 1:colcon.colcon_core.package_identification:_identify(src/denso_cobotta_moveit_config) by extension 'ros'
[0.285s] DEBUG:colcon.colcon_core.package_identification:Package 'src/denso_cobotta_moveit_config' with type 'ros.ament_cmake' and name 'denso_cobotta_moveit_config'
[0.285s] Level 1:colcon.colcon_core.package_discovery:discover_packages(recursive) using defaults
[0.285s] Level 1:colcon.colcon_core.package_discovery:discover_packages(ignore) discover
[0.285s] Level 1:colcon.colcon_core.package_discovery:discover_packages(ignore) using defaults
[0.285s] Level 1:colcon.colcon_core.package_discovery:discover_packages(path) discover
[0.285s] Level 1:colcon.colcon_core.package_discovery:discover_packages(path) using defaults
[0.303s] Level 1:colcon.colcon_core.package_discovery:discover_packages(prefix_path) check parameters
[0.303s] Level 1:colcon.colcon_core.package_discovery:discover_packages(prefix_path) discover
[0.307s] DEBUG:colcon.colcon_installed_package_information.package_discovery:Found 56 installed packages in /home/pedro/ws_moveit2/install
[0.309s] DEBUG:colcon.colcon_installed_package_information.package_discovery:Found 18 installed packages in /home/pedro/ws_mycobot/install
[0.310s] DEBUG:colcon.colcon_installed_package_information.package_discovery:Found 340 installed packages in /opt/ros/humble
[0.312s] Level 1:colcon.colcon_core.package_discovery:discover_packages(prefix_path) using defaults
[0.352s] Level 5:colcon.colcon_core.verb:set package 'denso_cobotta_description' build argument 'cmake_args' from command line to 'None'
[0.352s] Level 5:colcon.colcon_core.verb:set package 'denso_cobotta_description' build argument 'cmake_target' from command line to 'None'
[0.352s] Level 5:colcon.colcon_core.verb:set package 'denso_cobotta_description' build argument 'cmake_target_skip_unavailable' from command line to 'False'
[0.352s] Level 5:colcon.colcon_core.verb:set package 'denso_cobotta_description' build argument 'cmake_clean_cache' from command line to 'False'
[0.352s] Level 5:colcon.colcon_core.verb:set package 'denso_cobotta_description' build argument 'cmake_clean_first' from command line to 'False'
[0.352s] Level 5:colcon.colcon_core.verb:set package 'denso_cobotta_description' build argument 'cmake_force_configure' from command line to 'False'
[0.352s] Level 5:colcon.colcon_core.verb:set package 'denso_cobotta_description' build argument 'ament_cmake_args' from command line to 'None'
[0.352s] Level 5:colcon.colcon_core.verb:set package 'denso_cobotta_description' build argument 'catkin_cmake_args' from command line to 'None'
[0.352s] Level 5:colcon.colcon_core.verb:set package 'denso_cobotta_description' build argument 'catkin_skip_building_tests' from command line to 'False'
[0.352s] DEBUG:colcon.colcon_core.verb:Building package 'denso_cobotta_description' with the following arguments: {'ament_cmake_args': None, 'build_base': '/home/pedro/Mechanical_Analysis/ROS2_ws/build/denso_cobotta_description', 'catkin_cmake_args': None, 'catkin_skip_building_tests': False, 'cmake_args': None, 'cmake_clean_cache': False, 'cmake_clean_first': False, 'cmake_force_configure': False, 'cmake_target': None, 'cmake_target_skip_unavailable': False, 'install_base': '/home/pedro/Mechanical_Analysis/ROS2_ws/install/denso_cobotta_description', 'merge_install': False, 'path': '/home/pedro/Mechanical_Analysis/ROS2_ws/src/denso_cobotta_description', 'symlink_install': False, 'test_result_base': None}
[0.353s] Level 5:colcon.colcon_core.verb:set package 'denso_cobotta_moveit_config' build argument 'cmake_args' from command line to 'None'
[0.353s] Level 5:colcon.colcon_core.verb:set package 'denso_cobotta_moveit_config' build argument 'cmake_target' from command line to 'None'
[0.353s] Level 5:colcon.colcon_core.verb:set package 'denso_cobotta_moveit_config' build argument 'cmake_target_skip_unavailable' from command line to 'False'
[0.353s] Level 5:colcon.colcon_core.verb:set package 'denso_cobotta_moveit_config' build argument 'cmake_clean_cache' from command line to 'False'
[0.353s] Level 5:colcon.colcon_core.verb:set package 'denso_cobotta_moveit_config' build argument 'cmake_clean_first' from command line to 'False'
[0.353s] Level 5:colcon.colcon_core.verb:set package 'denso_cobotta_moveit_config' build argument 'cmake_force_configure' from command line to 'False'
[0.353s] Level 5:colcon.colcon_core.verb:set package 'denso_cobotta_moveit_config' build argument 'ament_cmake_args' from command line to 'None'
[0.353s] Level 5:colcon.colcon_core.verb:set package 'denso_cobotta_moveit_config' build argument 'catkin_cmake_args' from command line to 'None'
[0.353s] Level 5:colcon.colcon_core.verb:set package 'denso_cobotta_moveit_config' build argument 'catkin_skip_building_tests' from command line to 'False'
[0.353s] DEBUG:colcon.colcon_core.verb:Building package 'denso_cobotta_moveit_config' with the following arguments: {'ament_cmake_args': None, 'build_base': '/home/pedro/Mechanical_Analysis/ROS2_ws/build/denso_cobotta_moveit_config', 'catkin_cmake_args': None, 'catkin_skip_building_tests': False, 'cmake_args': None, 'cmake_clean_cache': False, 'cmake_clean_first': False, 'cmake_force_configure': False, 'cmake_target': None, 'cmake_target_skip_unavailable': False, 'install_base': '/home/pedro/Mechanical_Analysis/ROS2_ws/install/denso_cobotta_moveit_config', 'merge_install': False, 'path': '/home/pedro/Mechanical_Analysis/ROS2_ws/src/denso_cobotta_moveit_config', 'symlink_install': False, 'test_result_base': None}
[0.354s] INFO:colcon.colcon_core.executor:Executing jobs using 'parallel' executor
[0.359s] DEBUG:colcon.colcon_parallel_executor.executor.parallel:run_until_complete
[0.359s] INFO:colcon.colcon_ros.task.ament_cmake.build:Building ROS package in '/home/pedro/Mechanical_Analysis/ROS2_ws/src/denso_cobotta_description' with build type 'ament_cmake'
[0.359s] INFO:colcon.colcon_cmake.task.cmake.build:Building CMake package in '/home/pedro/Mechanical_Analysis/ROS2_ws/src/denso_cobotta_description'
[0.363s] INFO:colcon.colcon_core.plugin_system:Skipping extension 'colcon_core.shell.bat': Not used on non-Windows systems
[0.363s] INFO:colcon.colcon_core.shell:Skip shell extension 'powershell' for command environment: Not usable outside of PowerShell
[0.363s] DEBUG:colcon.colcon_core.shell:Skip shell extension 'dsv' for command environment
[0.376s] DEBUG:colcon.colcon_core.event_handler.log_command:Invoking command in '/home/pedro/Mechanical_Analysis/ROS2_ws/build/denso_cobotta_description': CMAKE_PREFIX_PATH=${CMAKE_PREFIX_PATH}:/home/pedro/ws_moveit2/install/moveit_configs_utils:/home/pedro/ws_moveit2/install/launch_param_builder:/home/pedro/ws_mycobot/install/ultraarm:/home/pedro/ws_mycobot/install/mypalletizer_260_pi:/home/pedro/ws_mycobot/install/mypalletizer_260:/home/pedro/ws_mycobot/install/mypalletizer_communication:/home/pedro/ws_mycobot/install/mycobot_320pi:/home/pedro/ws_mycobot/install/mycobot_320:/home/pedro/ws_mycobot/install/mycobot_280pi:/home/pedro/ws_mycobot/install/mycobot_280jn:/home/pedro/ws_mycobot/install/mycobot_280:/home/pedro/ws_mycobot/install/mycobot_communication:/home/pedro/ws_mycobot/install/mecharm_pi:/home/pedro/ws_mycobot/install/mecharm:/home/pedro/ws_mycobot/install/mecharm_communication:/home/pedro/ws_mycobot/install/mybuddy:/home/pedro/ws_mycobot/install/mycobot_description:/opt/ros/humble /usr/bin/cmake /home/pedro/Mechanical_Analysis/ROS2_ws/src/denso_cobotta_description -DCMAKE_INSTALL_PREFIX=/home/pedro/Mechanical_Analysis/ROS2_ws/install/denso_cobotta_description
[1.067s] DEBUG:colcon.colcon_core.event_handler.log_command:Invoked command in '/home/pedro/Mechanical_Analysis/ROS2_ws/build/denso_cobotta_description' returned '0': CMAKE_PREFIX_PATH=${CMAKE_PREFIX_PATH}:/home/pedro/ws_moveit2/install/moveit_configs_utils:/home/pedro/ws_moveit2/install/launch_param_builder:/home/pedro/ws_mycobot/install/ultraarm:/home/pedro/ws_mycobot/install/mypalletizer_260_pi:/home/pedro/ws_mycobot/install/mypalletizer_260:/home/pedro/ws_mycobot/install/mypalletizer_communication:/home/pedro/ws_mycobot/install/mycobot_320pi:/home/pedro/ws_mycobot/install/mycobot_320:/home/pedro/ws_mycobot/install/mycobot_280pi:/home/pedro/ws_mycobot/install/mycobot_280jn:/home/pedro/ws_mycobot/install/mycobot_280:/home/pedro/ws_mycobot/install/mycobot_communication:/home/pedro/ws_mycobot/install/mecharm_pi:/home/pedro/ws_mycobot/install/mecharm:/home/pedro/ws_mycobot/install/mecharm_communication:/home/pedro/ws_mycobot/install/mybuddy:/home/pedro/ws_mycobot/install/mycobot_description:/opt/ros/humble /usr/bin/cmake /home/pedro/Mechanical_Analysis/ROS2_ws/src/denso_cobotta_description -DCMAKE_INSTALL_PREFIX=/home/pedro/Mechanical_Analysis/ROS2_ws/install/denso_cobotta_description
[1.068s] DEBUG:colcon.colcon_core.event_handler.log_command:Invoking command in '/home/pedro/Mechanical_Analysis/ROS2_ws/build/denso_cobotta_description': CMAKE_PREFIX_PATH=${CMAKE_PREFIX_PATH}:/home/pedro/ws_moveit2/install/moveit_configs_utils:/home/pedro/ws_moveit2/install/launch_param_builder:/home/pedro/ws_mycobot/install/ultraarm:/home/pedro/ws_mycobot/install/mypalletizer_260_pi:/home/pedro/ws_mycobot/install/mypalletizer_260:/home/pedro/ws_mycobot/install/mypalletizer_communication:/home/pedro/ws_mycobot/install/mycobot_320pi:/home/pedro/ws_mycobot/install/mycobot_320:/home/pedro/ws_mycobot/install/mycobot_280pi:/home/pedro/ws_mycobot/install/mycobot_280jn:/home/pedro/ws_mycobot/install/mycobot_280:/home/pedro/ws_mycobot/install/mycobot_communication:/home/pedro/ws_mycobot/install/mecharm_pi:/home/pedro/ws_mycobot/install/mecharm:/home/pedro/ws_mycobot/install/mecharm_communication:/home/pedro/ws_mycobot/install/mybuddy:/home/pedro/ws_mycobot/install/mycobot_description:/opt/ros/humble /usr/bin/cmake --build /home/pedro/Mechanical_Analysis/ROS2_ws/build/denso_cobotta_description -- -j8 -l8
[1.082s] DEBUG:colcon.colcon_core.event_handler.log_command:Invoked command in '/home/pedro/Mechanical_Analysis/ROS2_ws/build/denso_cobotta_description' returned '0': CMAKE_PREFIX_PATH=${CMAKE_PREFIX_PATH}:/home/pedro/ws_moveit2/install/moveit_configs_utils:/home/pedro/ws_moveit2/install/launch_param_builder:/home/pedro/ws_mycobot/install/ultraarm:/home/pedro/ws_mycobot/install/mypalletizer_260_pi:/home/pedro/ws_mycobot/install/mypalletizer_260:/home/pedro/ws_mycobot/install/mypalletizer_communication:/home/pedro/ws_mycobot/install/mycobot_320pi:/home/pedro/ws_mycobot/install/mycobot_320:/home/pedro/ws_mycobot/install/mycobot_280pi:/home/pedro/ws_mycobot/install/mycobot_280jn:/home/pedro/ws_mycobot/install/mycobot_280:/home/pedro/ws_mycobot/install/mycobot_communication:/home/pedro/ws_mycobot/install/mecharm_pi:/home/pedro/ws_mycobot/install/mecharm:/home/pedro/ws_mycobot/install/mecharm_communication:/home/pedro/ws_mycobot/install/mybuddy:/home/pedro/ws_mycobot/install/mycobot_description:/opt/ros/humble /usr/bin/cmake --build /home/pedro/Mechanical_Analysis/ROS2_ws/build/denso_cobotta_description -- -j8 -l8
[1.106s] DEBUG:colcon.colcon_core.event_handler.log_command:Invoking command in '/home/pedro/Mechanical_Analysis/ROS2_ws/build/denso_cobotta_description': CMAKE_PREFIX_PATH=${CMAKE_PREFIX_PATH}:/home/pedro/ws_moveit2/install/moveit_configs_utils:/home/pedro/ws_moveit2/install/launch_param_builder:/home/pedro/ws_mycobot/install/ultraarm:/home/pedro/ws_mycobot/install/mypalletizer_260_pi:/home/pedro/ws_mycobot/install/mypalletizer_260:/home/pedro/ws_mycobot/install/mypalletizer_communication:/home/pedro/ws_mycobot/install/mycobot_320pi:/home/pedro/ws_mycobot/install/mycobot_320:/home/pedro/ws_mycobot/install/mycobot_280pi:/home/pedro/ws_mycobot/install/mycobot_280jn:/home/pedro/ws_mycobot/install/mycobot_280:/home/pedro/ws_mycobot/install/mycobot_communication:/home/pedro/ws_mycobot/install/mecharm_pi:/home/pedro/ws_mycobot/install/mecharm:/home/pedro/ws_mycobot/install/mecharm_communication:/home/pedro/ws_mycobot/install/mybuddy:/home/pedro/ws_mycobot/install/mycobot_description:/opt/ros/humble /usr/bin/cmake --install /home/pedro/Mechanical_Analysis/ROS2_ws/build/denso_cobotta_description
[1.113s] Level 1:colcon.colcon_core.environment:create_environment_scripts_only(denso_cobotta_description)
[1.113s] DEBUG:colcon.colcon_core.event_handler.log_command:Invoked command in '/home/pedro/Mechanical_Analysis/ROS2_ws/build/denso_cobotta_description' returned '0': CMAKE_PREFIX_PATH=${CMAKE_PREFIX_PATH}:/home/pedro/ws_moveit2/install/moveit_configs_utils:/home/pedro/ws_moveit2/install/launch_param_builder:/home/pedro/ws_mycobot/install/ultraarm:/home/pedro/ws_mycobot/install/mypalletizer_260_pi:/home/pedro/ws_mycobot/install/mypalletizer_260:/home/pedro/ws_mycobot/install/mypalletizer_communication:/home/pedro/ws_mycobot/install/mycobot_320pi:/home/pedro/ws_mycobot/install/mycobot_320:/home/pedro/ws_mycobot/install/mycobot_280pi:/home/pedro/ws_mycobot/install/mycobot_280jn:/home/pedro/ws_mycobot/install/mycobot_280:/home/pedro/ws_mycobot/install/mycobot_communication:/home/pedro/ws_mycobot/install/mecharm_pi:/home/pedro/ws_mycobot/install/mecharm:/home/pedro/ws_mycobot/install/mecharm_communication:/home/pedro/ws_mycobot/install/mybuddy:/home/pedro/ws_mycobot/install/mycobot_description:/opt/ros/humble /usr/bin/cmake --install /home/pedro/Mechanical_Analysis/ROS2_ws/build/denso_cobotta_description
[1.118s] Level 1:colcon.colcon_core.environment:checking '/home/pedro/Mechanical_Analysis/ROS2_ws/install/denso_cobotta_description' for CMake module files
[1.118s] Level 1:colcon.colcon_core.environment:checking '/home/pedro/Mechanical_Analysis/ROS2_ws/install/denso_cobotta_description' for CMake config files
[1.118s] Level 1:colcon.colcon_core.shell:create_environment_hook('denso_cobotta_description', 'cmake_prefix_path')
[1.120s] INFO:colcon.colcon_core.shell:Creating environment hook '/home/pedro/Mechanical_Analysis/ROS2_ws/install/denso_cobotta_description/share/denso_cobotta_description/hook/cmake_prefix_path.ps1'
[1.121s] INFO:colcon.colcon_core.shell:Creating environment descriptor '/home/pedro/Mechanical_Analysis/ROS2_ws/install/denso_cobotta_description/share/denso_cobotta_description/hook/cmake_prefix_path.dsv'
[1.121s] INFO:colcon.colcon_core.shell:Creating environment hook '/home/pedro/Mechanical_Analysis/ROS2_ws/install/denso_cobotta_description/share/denso_cobotta_description/hook/cmake_prefix_path.sh'
[1.121s] Level 1:colcon.colcon_core.environment:checking '/home/pedro/Mechanical_Analysis/ROS2_ws/install/denso_cobotta_description/bin'
[1.121s] Level 1:colcon.colcon_core.environment:checking '/home/pedro/Mechanical_Analysis/ROS2_ws/install/denso_cobotta_description/lib/pkgconfig/denso_cobotta_description.pc'
[1.122s] Level 1:colcon.colcon_core.environment:checking '/home/pedro/Mechanical_Analysis/ROS2_ws/install/denso_cobotta_description/lib/python3.10/site-packages'
[1.122s] Level 1:colcon.colcon_core.environment:checking '/home/pedro/Mechanical_Analysis/ROS2_ws/install/denso_cobotta_description/bin'
[1.124s] INFO:colcon.colcon_core.shell:Creating package script '/home/pedro/Mechanical_Analysis/ROS2_ws/install/denso_cobotta_description/share/denso_cobotta_description/package.ps1'
[1.124s] INFO:colcon.colcon_core.shell:Creating package descriptor '/home/pedro/Mechanical_Analysis/ROS2_ws/install/denso_cobotta_description/share/denso_cobotta_description/package.dsv'
[1.124s] INFO:colcon.colcon_core.shell:Creating package script '/home/pedro/Mechanical_Analysis/ROS2_ws/install/denso_cobotta_description/share/denso_cobotta_description/package.sh'
[1.125s] INFO:colcon.colcon_core.shell:Creating package script '/home/pedro/Mechanical_Analysis/ROS2_ws/install/denso_cobotta_description/share/denso_cobotta_description/package.bash'
[1.125s] INFO:colcon.colcon_core.shell:Creating package script '/home/pedro/Mechanical_Analysis/ROS2_ws/install/denso_cobotta_description/share/denso_cobotta_description/package.zsh'
[1.125s] Level 1:colcon.colcon_core.environment:create_file_with_runtime_dependencies(/home/pedro/Mechanical_Analysis/ROS2_ws/install/denso_cobotta_description/share/colcon-core/packages/denso_cobotta_description)
[1.148s] Level 1:colcon.colcon_core.environment:create_environment_scripts_only(denso_cobotta_description)
[1.150s] Level 1:colcon.colcon_core.environment:checking '/home/pedro/Mechanical_Analysis/ROS2_ws/install/denso_cobotta_description' for CMake module files
[1.151s] Level 1:colcon.colcon_core.environment:checking '/home/pedro/Mechanical_Analysis/ROS2_ws/install/denso_cobotta_description' for CMake config files
[1.151s] Level 1:colcon.colcon_core.shell:create_environment_hook('denso_cobotta_description', 'cmake_prefix_path')
[1.153s] INFO:colcon.colcon_core.shell:Creating environment hook '/home/pedro/Mechanical_Analysis/ROS2_ws/install/denso_cobotta_description/share/denso_cobotta_description/hook/cmake_prefix_path.ps1'
[1.153s] INFO:colcon.colcon_core.shell:Creating environment descriptor '/home/pedro/Mechanical_Analysis/ROS2_ws/install/denso_cobotta_description/share/denso_cobotta_description/hook/cmake_prefix_path.dsv'
[1.153s] INFO:colcon.colcon_core.shell:Creating environment hook '/home/pedro/Mechanical_Analysis/ROS2_ws/install/denso_cobotta_description/share/denso_cobotta_description/hook/cmake_prefix_path.sh'
[1.154s] Level 1:colcon.colcon_core.environment:checking '/home/pedro/Mechanical_Analysis/ROS2_ws/install/denso_cobotta_description/bin'
[1.154s] Level 1:colcon.colcon_core.environment:checking '/home/pedro/Mechanical_Analysis/ROS2_ws/install/denso_cobotta_description/lib/pkgconfig/denso_cobotta_description.pc'
[1.154s] Level 1:colcon.colcon_core.environment:checking '/home/pedro/Mechanical_Analysis/ROS2_ws/install/denso_cobotta_description/lib/python3.10/site-packages'
[1.154s] Level 1:colcon.colcon_core.environment:checking '/home/pedro/Mechanical_Analysis/ROS2_ws/install/denso_cobotta_description/bin'
[1.156s] INFO:colcon.colcon_core.shell:Creating package script '/home/pedro/Mechanical_Analysis/ROS2_ws/install/denso_cobotta_description/share/denso_cobotta_description/package.ps1'
[1.156s] INFO:colcon.colcon_core.shell:Creating package descriptor '/home/pedro/Mechanical_Analysis/ROS2_ws/install/denso_cobotta_description/share/denso_cobotta_description/package.dsv'
[1.156s] INFO:colcon.colcon_core.shell:Creating package script '/home/pedro/Mechanical_Analysis/ROS2_ws/install/denso_cobotta_description/share/denso_cobotta_description/package.sh'
[1.157s] INFO:colcon.colcon_core.shell:Creating package script '/home/pedro/Mechanical_Analysis/ROS2_ws/install/denso_cobotta_description/share/denso_cobotta_description/package.bash'
[1.157s] INFO:colcon.colcon_core.shell:Creating package script '/home/pedro/Mechanical_Analysis/ROS2_ws/install/denso_cobotta_description/share/denso_cobotta_description/package.zsh'
[1.157s] Level 1:colcon.colcon_core.environment:create_file_with_runtime_dependencies(/home/pedro/Mechanical_Analysis/ROS2_ws/install/denso_cobotta_description/share/colcon-core/packages/denso_cobotta_description)
[1.157s] INFO:colcon.colcon_ros.task.ament_cmake.build:Building ROS package in '/home/pedro/Mechanical_Analysis/ROS2_ws/src/denso_cobotta_moveit_config' with build type 'ament_cmake'
[1.157s] INFO:colcon.colcon_cmake.task.cmake.build:Building CMake package in '/home/pedro/Mechanical_Analysis/ROS2_ws/src/denso_cobotta_moveit_config'
[1.160s] INFO:colcon.colcon_core.shell:Skip shell extension 'powershell' for command environment: Not usable outside of PowerShell
[1.160s] DEBUG:colcon.colcon_core.shell:Skip shell extension 'dsv' for command environment
[1.172s] DEBUG:colcon.colcon_core.event_handler.log_command:Invoking command in '/home/pedro/Mechanical_Analysis/ROS2_ws/build/denso_cobotta_moveit_config': AMENT_PREFIX_PATH=/home/pedro/Mechanical_Analysis/ROS2_ws/install/denso_cobotta_description:${AMENT_PREFIX_PATH} CMAKE_PREFIX_PATH=/home/pedro/Mechanical_Analysis/ROS2_ws/install/denso_cobotta_description:/home/pedro/ws_moveit2/install/pilz_industrial_motion_planner_testutils:/home/pedro/ws_moveit2/install/moveit_runtime:/home/pedro/ws_moveit2/install/moveit2_tutorials:/home/pedro/ws_moveit2/install/moveit:/home/pedro/ws_moveit2/install/moveit_planners:/home/pedro/ws_moveit2/install/pilz_industrial_motion_planner:/home/pedro/ws_moveit2/install/moveit_visual_tools:/home/pedro/ws_moveit2/install/moveit_task_constructor_visualization:/home/pedro/ws_moveit2/install/moveit_task_constructor_demo:/home/pedro/ws_moveit2/install/moveit_task_constructor_capabilities:/home/pedro/ws_moveit2/install/moveit_task_constructor_core:/home/pedro/ws_moveit2/install/moveit_ros_control_interface:/home/pedro/ws_moveit2/install/moveit_plugins:/home/pedro/ws_moveit2/install/moveit_simple_controller_manager:/home/pedro/ws_moveit2/install/moveit_setup_assistant:/home/pedro/ws_moveit2/install/moveit_setup_srdf_plugins:/home/pedro/ws_moveit2/install/moveit_setup_core_plugins:/home/pedro/ws_moveit2/install/moveit_setup_controllers:/home/pedro/ws_moveit2/install/moveit_setup_app_plugins:/home/pedro/ws_moveit2/install/moveit_setup_framework:/home/pedro/ws_moveit2/install/moveit_servo:/home/pedro/ws_moveit2/install/moveit_ros:/home/pedro/ws_moveit2/install/moveit_ros_visualization:/home/pedro/ws_moveit2/install/moveit_hybrid_planning:/home/pedro/ws_moveit2/install/hello_moveit:/home/pedro/ws_moveit2/install/moveit_ros_planning_interface:/home/pedro/ws_moveit2/install/moveit_ros_benchmarks:/home/pedro/ws_moveit2/install/moveit_ros_warehouse:/home/pedro/ws_moveit2/install/moveit_ros_robot_interaction:/home/pedro/ws_moveit2/install/moveit_ros_perception:/home/pedro/ws_moveit2/install/moveit_resources_prbt_pg70_support:/home/pedro/ws_moveit2/install/moveit_resources_prbt_moveit_config:/home/pedro/ws_moveit2/install/moveit_ros_move_group:/home/pedro/ws_moveit2/install/moveit_planners_ompl:/home/pedro/ws_moveit2/install/moveit_ros_planning:/home/pedro/ws_moveit2/install/moveit_ros_occupancy_map_monitor:/home/pedro/ws_moveit2/install/moveit_resources_prbt_ikfast_manipulator_plugin:/home/pedro/ws_moveit2/install/moveit_planners_chomp:/home/pedro/ws_moveit2/install/moveit_kinematics:/home/pedro/ws_moveit2/install/moveit_chomp_optimizer_adapter:/home/pedro/ws_moveit2/install/chomp_motion_planner:/home/pedro/ws_moveit2/install/moveit_core:/home/pedro/ws_moveit2/install/srdfdom:/home/pedro/ws_moveit2/install/rviz_marker_tools:/home/pedro/ws_moveit2/install/rosparam_shortcuts:/home/pedro/ws_moveit2/install/moveit_task_constructor_msgs:/home/pedro/ws_moveit2/install/moveit_resources_prbt_support:/home/pedro/ws_moveit2/install/moveit_resources:/home/pedro/ws_moveit2/install/moveit_resources_pr2_description:/home/pedro/ws_moveit2/install/moveit_resources_panda_moveit_config:/home/pedro/ws_moveit2/install/moveit_resources_panda_description:/home/pedro/ws_moveit2/install/moveit_resources_fanuc_moveit_config:/home/pedro/ws_moveit2/install/moveit_resources_fanuc_description:/home/pedro/ws_moveit2/install/moveit_common:/home/pedro/ws_mycobot/install/mypalletizer_interfaces:/home/pedro/ws_mycobot/install/mycobot_interfaces:/home/pedro/ws_mycobot/install/mecharm_interfaces:/home/pedro/ws_moveit2/install/moveit_configs_utils:/home/pedro/ws_moveit2/install/launch_param_builder:/home/pedro/ws_mycobot/install/ultraarm:/home/pedro/ws_mycobot/install/mypalletizer_260_pi:/home/pedro/ws_mycobot/install/mypalletizer_260:/home/pedro/ws_mycobot/install/mypalletizer_communication:/home/pedro/ws_mycobot/install/mycobot_320pi:/home/pedro/ws_mycobot/install/mycobot_320:/home/pedro/ws_mycobot/install/mycobot_280pi:/home/pedro/ws_mycobot/install/mycobot_280jn:/home/pedro/ws_mycobot/install/mycobot_280:/home/pedro/ws_mycobot/install/mycobot_communication:/home/pedro/ws_mycobot/install/mecharm_pi:/home/pedro/ws_mycobot/install/mecharm:/home/pedro/ws_mycobot/install/mecharm_communication:/home/pedro/ws_mycobot/install/mybuddy:/home/pedro/ws_mycobot/install/mycobot_description:/opt/ros/humble /usr/bin/cmake /home/pedro/Mechanical_Analysis/ROS2_ws/src/denso_cobotta_moveit_config -DCMAKE_INSTALL_PREFIX=/home/pedro/Mechanical_Analysis/ROS2_ws/install/denso_cobotta_moveit_config
[1.684s] DEBUG:colcon.colcon_core.event_handler.log_command:Invoked command in '/home/pedro/Mechanical_Analysis/ROS2_ws/build/denso_cobotta_moveit_config' returned '0': AMENT_PREFIX_PATH=/home/pedro/Mechanical_Analysis/ROS2_ws/install/denso_cobotta_description:${AMENT_PREFIX_PATH} CMAKE_PREFIX_PATH=/home/pedro/Mechanical_Analysis/ROS2_ws/install/denso_cobotta_description:/home/pedro/ws_moveit2/install/pilz_industrial_motion_planner_testutils:/home/pedro/ws_moveit2/install/moveit_runtime:/home/pedro/ws_moveit2/install/moveit2_tutorials:/home/pedro/ws_moveit2/install/moveit:/home/pedro/ws_moveit2/install/moveit_planners:/home/pedro/ws_moveit2/install/pilz_industrial_motion_planner:/home/pedro/ws_moveit2/install/moveit_visual_tools:/home/pedro/ws_moveit2/install/moveit_task_constructor_visualization:/home/pedro/ws_moveit2/install/moveit_task_constructor_demo:/home/pedro/ws_moveit2/install/moveit_task_constructor_capabilities:/home/pedro/ws_moveit2/install/moveit_task_constructor_core:/home/pedro/ws_moveit2/install/moveit_ros_control_interface:/home/pedro/ws_moveit2/install/moveit_plugins:/home/pedro/ws_moveit2/install/moveit_simple_controller_manager:/home/pedro/ws_moveit2/install/moveit_setup_assistant:/home/pedro/ws_moveit2/install/moveit_setup_srdf_plugins:/home/pedro/ws_moveit2/install/moveit_setup_core_plugins:/home/pedro/ws_moveit2/install/moveit_setup_controllers:/home/pedro/ws_moveit2/install/moveit_setup_app_plugins:/home/pedro/ws_moveit2/install/moveit_setup_framework:/home/pedro/ws_moveit2/install/moveit_servo:/home/pedro/ws_moveit2/install/moveit_ros:/home/pedro/ws_moveit2/install/moveit_ros_visualization:/home/pedro/ws_moveit2/install/moveit_hybrid_planning:/home/pedro/ws_moveit2/install/hello_moveit:/home/pedro/ws_moveit2/install/moveit_ros_planning_interface:/home/pedro/ws_moveit2/install/moveit_ros_benchmarks:/home/pedro/ws_moveit2/install/moveit_ros_warehouse:/home/pedro/ws_moveit2/install/moveit_ros_robot_interaction:/home/pedro/ws_moveit2/install/moveit_ros_perception:/home/pedro/ws_moveit2/install/moveit_resources_prbt_pg70_support:/home/pedro/ws_moveit2/install/moveit_resources_prbt_moveit_config:/home/pedro/ws_moveit2/install/moveit_ros_move_group:/home/pedro/ws_moveit2/install/moveit_planners_ompl:/home/pedro/ws_moveit2/install/moveit_ros_planning:/home/pedro/ws_moveit2/install/moveit_ros_occupancy_map_monitor:/home/pedro/ws_moveit2/install/moveit_resources_prbt_ikfast_manipulator_plugin:/home/pedro/ws_moveit2/install/moveit_planners_chomp:/home/pedro/ws_moveit2/install/moveit_kinematics:/home/pedro/ws_moveit2/install/moveit_chomp_optimizer_adapter:/home/pedro/ws_moveit2/install/chomp_motion_planner:/home/pedro/ws_moveit2/install/moveit_core:/home/pedro/ws_moveit2/install/srdfdom:/home/pedro/ws_moveit2/install/rviz_marker_tools:/home/pedro/ws_moveit2/install/rosparam_shortcuts:/home/pedro/ws_moveit2/install/moveit_task_constructor_msgs:/home/pedro/ws_moveit2/install/moveit_resources_prbt_support:/home/pedro/ws_moveit2/install/moveit_resources:/home/pedro/ws_moveit2/install/moveit_resources_pr2_description:/home/pedro/ws_moveit2/install/moveit_resources_panda_moveit_config:/home/pedro/ws_moveit2/install/moveit_resources_panda_description:/home/pedro/ws_moveit2/install/moveit_resources_fanuc_moveit_config:/home/pedro/ws_moveit2/install/moveit_resources_fanuc_description:/home/pedro/ws_moveit2/install/moveit_common:/home/pedro/ws_mycobot/install/mypalletizer_interfaces:/home/pedro/ws_mycobot/install/mycobot_interfaces:/home/pedro/ws_mycobot/install/mecharm_interfaces:/home/pedro/ws_moveit2/install/moveit_configs_utils:/home/pedro/ws_moveit2/install/launch_param_builder:/home/pedro/ws_mycobot/install/ultraarm:/home/pedro/ws_mycobot/install/mypalletizer_260_pi:/home/pedro/ws_mycobot/install/mypalletizer_260:/home/pedro/ws_mycobot/install/mypalletizer_communication:/home/pedro/ws_mycobot/install/mycobot_320pi:/home/pedro/ws_mycobot/install/mycobot_320:/home/pedro/ws_mycobot/install/mycobot_280pi:/home/pedro/ws_mycobot/install/mycobot_280jn:/home/pedro/ws_mycobot/install/mycobot_280:/home/pedro/ws_mycobot/install/mycobot_communication:/home/pedro/ws_mycobot/install/mecharm_pi:/home/pedro/ws_mycobot/install/mecharm:/home/pedro/ws_mycobot/install/mecharm_communication:/home/pedro/ws_mycobot/install/mybuddy:/home/pedro/ws_mycobot/install/mycobot_description:/opt/ros/humble /usr/bin/cmake /home/pedro/Mechanical_Analysis/ROS2_ws/src/denso_cobotta_moveit_config -DCMAKE_INSTALL_PREFIX=/home/pedro/Mechanical_Analysis/ROS2_ws/install/denso_cobotta_moveit_config
[1.685s] DEBUG:colcon.colcon_core.event_handler.log_command:Invoking command in '/home/pedro/Mechanical_Analysis/ROS2_ws/build/denso_cobotta_moveit_config': AMENT_PREFIX_PATH=/home/pedro/Mechanical_Analysis/ROS2_ws/install/denso_cobotta_description:${AMENT_PREFIX_PATH} CMAKE_PREFIX_PATH=/home/pedro/Mechanical_Analysis/ROS2_ws/install/denso_cobotta_description:/home/pedro/ws_moveit2/install/pilz_industrial_motion_planner_testutils:/home/pedro/ws_moveit2/install/moveit_runtime:/home/pedro/ws_moveit2/install/moveit2_tutorials:/home/pedro/ws_moveit2/install/moveit:/home/pedro/ws_moveit2/install/moveit_planners:/home/pedro/ws_moveit2/install/pilz_industrial_motion_planner:/home/pedro/ws_moveit2/install/moveit_visual_tools:/home/pedro/ws_moveit2/install/moveit_task_constructor_visualization:/home/pedro/ws_moveit2/install/moveit_task_constructor_demo:/home/pedro/ws_moveit2/install/moveit_task_constructor_capabilities:/home/pedro/ws_moveit2/install/moveit_task_constructor_core:/home/pedro/ws_moveit2/install/moveit_ros_control_interface:/home/pedro/ws_moveit2/install/moveit_plugins:/home/pedro/ws_moveit2/install/moveit_simple_controller_manager:/home/pedro/ws_moveit2/install/moveit_setup_assistant:/home/pedro/ws_moveit2/install/moveit_setup_srdf_plugins:/home/pedro/ws_moveit2/install/moveit_setup_core_plugins:/home/pedro/ws_moveit2/install/moveit_setup_controllers:/home/pedro/ws_moveit2/install/moveit_setup_app_plugins:/home/pedro/ws_moveit2/install/moveit_setup_framework:/home/pedro/ws_moveit2/install/moveit_servo:/home/pedro/ws_moveit2/install/moveit_ros:/home/pedro/ws_moveit2/install/moveit_ros_visualization:/home/pedro/ws_moveit2/install/moveit_hybrid_planning:/home/pedro/ws_moveit2/install/hello_moveit:/home/pedro/ws_moveit2/install/moveit_ros_planning_interface:/home/pedro/ws_moveit2/install/moveit_ros_benchmarks:/home/pedro/ws_moveit2/install/moveit_ros_warehouse:/home/pedro/ws_moveit2/install/moveit_ros_robot_interaction:/home/pedro/ws_moveit2/install/moveit_ros_perception:/home/pedro/ws_moveit2/install/moveit_resources_prbt_pg70_support:/home/pedro/ws_moveit2/install/moveit_resources_prbt_moveit_config:/home/pedro/ws_moveit2/install/moveit_ros_move_group:/home/pedro/ws_moveit2/install/moveit_planners_ompl:/home/pedro/ws_moveit2/install/moveit_ros_planning:/home/pedro/ws_moveit2/install/moveit_ros_occupancy_map_monitor:/home/pedro/ws_moveit2/install/moveit_resources_prbt_ikfast_manipulator_plugin:/home/pedro/ws_moveit2/install/moveit_planners_chomp:/home/pedro/ws_moveit2/install/moveit_kinematics:/home/pedro/ws_moveit2/install/moveit_chomp_optimizer_adapter:/home/pedro/ws_moveit2/install/chomp_motion_planner:/home/pedro/ws_moveit2/install/moveit_core:/home/pedro/ws_moveit2/install/srdfdom:/home/pedro/ws_moveit2/install/rviz_marker_tools:/home/pedro/ws_moveit2/install/rosparam_shortcuts:/home/pedro/ws_moveit2/install/moveit_task_constructor_msgs:/home/pedro/ws_moveit2/install/moveit_resources_prbt_support:/home/pedro/ws_moveit2/install/moveit_resources:/home/pedro/ws_moveit2/install/moveit_resources_pr2_description:/home/pedro/ws_moveit2/install/moveit_resources_panda_moveit_config:/home/pedro/ws_moveit2/install/moveit_resources_panda_description:/home/pedro/ws_moveit2/install/moveit_resources_fanuc_moveit_config:/home/pedro/ws_moveit2/install/moveit_resources_fanuc_description:/home/pedro/ws_moveit2/install/moveit_common:/home/pedro/ws_mycobot/install/mypalletizer_interfaces:/home/pedro/ws_mycobot/install/mycobot_interfaces:/home/pedro/ws_mycobot/install/mecharm_interfaces:/home/pedro/ws_moveit2/install/moveit_configs_utils:/home/pedro/ws_moveit2/install/launch_param_builder:/home/pedro/ws_mycobot/install/ultraarm:/home/pedro/ws_mycobot/install/mypalletizer_260_pi:/home/pedro/ws_mycobot/install/mypalletizer_260:/home/pedro/ws_mycobot/install/mypalletizer_communication:/home/pedro/ws_mycobot/install/mycobot_320pi:/home/pedro/ws_mycobot/install/mycobot_320:/home/pedro/ws_mycobot/install/mycobot_280pi:/home/pedro/ws_mycobot/install/mycobot_280jn:/home/pedro/ws_mycobot/install/mycobot_280:/home/pedro/ws_mycobot/install/mycobot_communication:/home/pedro/ws_mycobot/install/mecharm_pi:/home/pedro/ws_mycobot/install/mecharm:/home/pedro/ws_mycobot/install/mecharm_communication:/home/pedro/ws_mycobot/install/mybuddy:/home/pedro/ws_mycobot/install/mycobot_description:/opt/ros/humble /usr/bin/cmake --build /home/pedro/Mechanical_Analysis/ROS2_ws/build/denso_cobotta_moveit_config -- -j8 -l8
[1.700s] DEBUG:colcon.colcon_core.event_handler.log_command:Invoked command in '/home/pedro/Mechanical_Analysis/ROS2_ws/build/denso_cobotta_moveit_config' returned '0': AMENT_PREFIX_PATH=/home/pedro/Mechanical_Analysis/ROS2_ws/install/denso_cobotta_description:${AMENT_PREFIX_PATH} CMAKE_PREFIX_PATH=/home/pedro/Mechanical_Analysis/ROS2_ws/install/denso_cobotta_description:/home/pedro/ws_moveit2/install/pilz_industrial_motion_planner_testutils:/home/pedro/ws_moveit2/install/moveit_runtime:/home/pedro/ws_moveit2/install/moveit2_tutorials:/home/pedro/ws_moveit2/install/moveit:/home/pedro/ws_moveit2/install/moveit_planners:/home/pedro/ws_moveit2/install/pilz_industrial_motion_planner:/home/pedro/ws_moveit2/install/moveit_visual_tools:/home/pedro/ws_moveit2/install/moveit_task_constructor_visualization:/home/pedro/ws_moveit2/install/moveit_task_constructor_demo:/home/pedro/ws_moveit2/install/moveit_task_constructor_capabilities:/home/pedro/ws_moveit2/install/moveit_task_constructor_core:/home/pedro/ws_moveit2/install/moveit_ros_control_interface:/home/pedro/ws_moveit2/install/moveit_plugins:/home/pedro/ws_moveit2/install/moveit_simple_controller_manager:/home/pedro/ws_moveit2/install/moveit_setup_assistant:/home/pedro/ws_moveit2/install/moveit_setup_srdf_plugins:/home/pedro/ws_moveit2/install/moveit_setup_core_plugins:/home/pedro/ws_moveit2/install/moveit_setup_controllers:/home/pedro/ws_moveit2/install/moveit_setup_app_plugins:/home/pedro/ws_moveit2/install/moveit_setup_framework:/home/pedro/ws_moveit2/install/moveit_servo:/home/pedro/ws_moveit2/install/moveit_ros:/home/pedro/ws_moveit2/install/moveit_ros_visualization:/home/pedro/ws_moveit2/install/moveit_hybrid_planning:/home/pedro/ws_moveit2/install/hello_moveit:/home/pedro/ws_moveit2/install/moveit_ros_planning_interface:/home/pedro/ws_moveit2/install/moveit_ros_benchmarks:/home/pedro/ws_moveit2/install/moveit_ros_warehouse:/home/pedro/ws_moveit2/install/moveit_ros_robot_interaction:/home/pedro/ws_moveit2/install/moveit_ros_perception:/home/pedro/ws_moveit2/install/moveit_resources_prbt_pg70_support:/home/pedro/ws_moveit2/install/moveit_resources_prbt_moveit_config:/home/pedro/ws_moveit2/install/moveit_ros_move_group:/home/pedro/ws_moveit2/install/moveit_planners_ompl:/home/pedro/ws_moveit2/install/moveit_ros_planning:/home/pedro/ws_moveit2/install/moveit_ros_occupancy_map_monitor:/home/pedro/ws_moveit2/install/moveit_resources_prbt_ikfast_manipulator_plugin:/home/pedro/ws_moveit2/install/moveit_planners_chomp:/home/pedro/ws_moveit2/install/moveit_kinematics:/home/pedro/ws_moveit2/install/moveit_chomp_optimizer_adapter:/home/pedro/ws_moveit2/install/chomp_motion_planner:/home/pedro/ws_moveit2/install/moveit_core:/home/pedro/ws_moveit2/install/srdfdom:/home/pedro/ws_moveit2/install/rviz_marker_tools:/home/pedro/ws_moveit2/install/rosparam_shortcuts:/home/pedro/ws_moveit2/install/moveit_task_constructor_msgs:/home/pedro/ws_moveit2/install/moveit_resources_prbt_support:/home/pedro/ws_moveit2/install/moveit_resources:/home/pedro/ws_moveit2/install/moveit_resources_pr2_description:/home/pedro/ws_moveit2/install/moveit_resources_panda_moveit_config:/home/pedro/ws_moveit2/install/moveit_resources_panda_description:/home/pedro/ws_moveit2/install/moveit_resources_fanuc_moveit_config:/home/pedro/ws_moveit2/install/moveit_resources_fanuc_description:/home/pedro/ws_moveit2/install/moveit_common:/home/pedro/ws_mycobot/install/mypalletizer_interfaces:/home/pedro/ws_mycobot/install/mycobot_interfaces:/home/pedro/ws_mycobot/install/mecharm_interfaces:/home/pedro/ws_moveit2/install/moveit_configs_utils:/home/pedro/ws_moveit2/install/launch_param_builder:/home/pedro/ws_mycobot/install/ultraarm:/home/pedro/ws_mycobot/install/mypalletizer_260_pi:/home/pedro/ws_mycobot/install/mypalletizer_260:/home/pedro/ws_mycobot/install/mypalletizer_communication:/home/pedro/ws_mycobot/install/mycobot_320pi:/home/pedro/ws_mycobot/install/mycobot_320:/home/pedro/ws_mycobot/install/mycobot_280pi:/home/pedro/ws_mycobot/install/mycobot_280jn:/home/pedro/ws_mycobot/install/mycobot_280:/home/pedro/ws_mycobot/install/mycobot_communication:/home/pedro/ws_mycobot/install/mecharm_pi:/home/pedro/ws_mycobot/install/mecharm:/home/pedro/ws_mycobot/install/mecharm_communication:/home/pedro/ws_mycobot/install/mybuddy:/home/pedro/ws_mycobot/install/mycobot_description:/opt/ros/humble /usr/bin/cmake --build /home/pedro/Mechanical_Analysis/ROS2_ws/build/denso_cobotta_moveit_config -- -j8 -l8
[1.726s] DEBUG:colcon.colcon_core.event_handler.log_command:Invoking command in '/home/pedro/Mechanical_Analysis/ROS2_ws/build/denso_cobotta_moveit_config': AMENT_PREFIX_PATH=/home/pedro/Mechanical_Analysis/ROS2_ws/install/denso_cobotta_description:${AMENT_PREFIX_PATH} CMAKE_PREFIX_PATH=/home/pedro/Mechanical_Analysis/ROS2_ws/install/denso_cobotta_description:/home/pedro/ws_moveit2/install/pilz_industrial_motion_planner_testutils:/home/pedro/ws_moveit2/install/moveit_runtime:/home/pedro/ws_moveit2/install/moveit2_tutorials:/home/pedro/ws_moveit2/install/moveit:/home/pedro/ws_moveit2/install/moveit_planners:/home/pedro/ws_moveit2/install/pilz_industrial_motion_planner:/home/pedro/ws_moveit2/install/moveit_visual_tools:/home/pedro/ws_moveit2/install/moveit_task_constructor_visualization:/home/pedro/ws_moveit2/install/moveit_task_constructor_demo:/home/pedro/ws_moveit2/install/moveit_task_constructor_capabilities:/home/pedro/ws_moveit2/install/moveit_task_constructor_core:/home/pedro/ws_moveit2/install/moveit_ros_control_interface:/home/pedro/ws_moveit2/install/moveit_plugins:/home/pedro/ws_moveit2/install/moveit_simple_controller_manager:/home/pedro/ws_moveit2/install/moveit_setup_assistant:/home/pedro/ws_moveit2/install/moveit_setup_srdf_plugins:/home/pedro/ws_moveit2/install/moveit_setup_core_plugins:/home/pedro/ws_moveit2/install/moveit_setup_controllers:/home/pedro/ws_moveit2/install/moveit_setup_app_plugins:/home/pedro/ws_moveit2/install/moveit_setup_framework:/home/pedro/ws_moveit2/install/moveit_servo:/home/pedro/ws_moveit2/install/moveit_ros:/home/pedro/ws_moveit2/install/moveit_ros_visualization:/home/pedro/ws_moveit2/install/moveit_hybrid_planning:/home/pedro/ws_moveit2/install/hello_moveit:/home/pedro/ws_moveit2/install/moveit_ros_planning_interface:/home/pedro/ws_moveit2/install/moveit_ros_benchmarks:/home/pedro/ws_moveit2/install/moveit_ros_warehouse:/home/pedro/ws_moveit2/install/moveit_ros_robot_interaction:/home/pedro/ws_moveit2/install/moveit_ros_perception:/home/pedro/ws_moveit2/install/moveit_resources_prbt_pg70_support:/home/pedro/ws_moveit2/install/moveit_resources_prbt_moveit_config:/home/pedro/ws_moveit2/install/moveit_ros_move_group:/home/pedro/ws_moveit2/install/moveit_planners_ompl:/home/pedro/ws_moveit2/install/moveit_ros_planning:/home/pedro/ws_moveit2/install/moveit_ros_occupancy_map_monitor:/home/pedro/ws_moveit2/install/moveit_resources_prbt_ikfast_manipulator_plugin:/home/pedro/ws_moveit2/install/moveit_planners_chomp:/home/pedro/ws_moveit2/install/moveit_kinematics:/home/pedro/ws_moveit2/install/moveit_chomp_optimizer_adapter:/home/pedro/ws_moveit2/install/chomp_motion_planner:/home/pedro/ws_moveit2/install/moveit_core:/home/pedro/ws_moveit2/install/srdfdom:/home/pedro/ws_moveit2/install/rviz_marker_tools:/home/pedro/ws_moveit2/install/rosparam_shortcuts:/home/pedro/ws_moveit2/install/moveit_task_constructor_msgs:/home/pedro/ws_moveit2/install/moveit_resources_prbt_support:/home/pedro/ws_moveit2/install/moveit_resources:/home/pedro/ws_moveit2/install/moveit_resources_pr2_description:/home/pedro/ws_moveit2/install/moveit_resources_panda_moveit_config:/home/pedro/ws_moveit2/install/moveit_resources_panda_description:/home/pedro/ws_moveit2/install/moveit_resources_fanuc_moveit_config:/home/pedro/ws_moveit2/install/moveit_resources_fanuc_description:/home/pedro/ws_moveit2/install/moveit_common:/home/pedro/ws_mycobot/install/mypalletizer_interfaces:/home/pedro/ws_mycobot/install/mycobot_interfaces:/home/pedro/ws_mycobot/install/mecharm_interfaces:/home/pedro/ws_moveit2/install/moveit_configs_utils:/home/pedro/ws_moveit2/install/launch_param_builder:/home/pedro/ws_mycobot/install/ultraarm:/home/pedro/ws_mycobot/install/mypalletizer_260_pi:/home/pedro/ws_mycobot/install/mypalletizer_260:/home/pedro/ws_mycobot/install/mypalletizer_communication:/home/pedro/ws_mycobot/install/mycobot_320pi:/home/pedro/ws_mycobot/install/mycobot_320:/home/pedro/ws_mycobot/install/mycobot_280pi:/home/pedro/ws_mycobot/install/mycobot_280jn:/home/pedro/ws_mycobot/install/mycobot_280:/home/pedro/ws_mycobot/install/mycobot_communication:/home/pedro/ws_mycobot/install/mecharm_pi:/home/pedro/ws_mycobot/install/mecharm:/home/pedro/ws_mycobot/install/mecharm_communication:/home/pedro/ws_mycobot/install/mybuddy:/home/pedro/ws_mycobot/install/mycobot_description:/opt/ros/humble /usr/bin/cmake --install /home/pedro/Mechanical_Analysis/ROS2_ws/build/denso_cobotta_moveit_config
[1.730s] Level 1:colcon.colcon_core.environment:create_environment_scripts_only(denso_cobotta_moveit_config)
[1.733s] Level 1:colcon.colcon_core.environment:checking '/home/pedro/Mechanical_Analysis/ROS2_ws/install/denso_cobotta_moveit_config' for CMake module files
[1.734s] DEBUG:colcon.colcon_core.event_handler.log_command:Invoked command in '/home/pedro/Mechanical_Analysis/ROS2_ws/build/denso_cobotta_moveit_config' returned '0': AMENT_PREFIX_PATH=/home/pedro/Mechanical_Analysis/ROS2_ws/install/denso_cobotta_description:${AMENT_PREFIX_PATH} CMAKE_PREFIX_PATH=/home/pedro/Mechanical_Analysis/ROS2_ws/install/denso_cobotta_description:/home/pedro/ws_moveit2/install/pilz_industrial_motion_planner_testutils:/home/pedro/ws_moveit2/install/moveit_runtime:/home/pedro/ws_moveit2/install/moveit2_tutorials:/home/pedro/ws_moveit2/install/moveit:/home/pedro/ws_moveit2/install/moveit_planners:/home/pedro/ws_moveit2/install/pilz_industrial_motion_planner:/home/pedro/ws_moveit2/install/moveit_visual_tools:/home/pedro/ws_moveit2/install/moveit_task_constructor_visualization:/home/pedro/ws_moveit2/install/moveit_task_constructor_demo:/home/pedro/ws_moveit2/install/moveit_task_constructor_capabilities:/home/pedro/ws_moveit2/install/moveit_task_constructor_core:/home/pedro/ws_moveit2/install/moveit_ros_control_interface:/home/pedro/ws_moveit2/install/moveit_plugins:/home/pedro/ws_moveit2/install/moveit_simple_controller_manager:/home/pedro/ws_moveit2/install/moveit_setup_assistant:/home/pedro/ws_moveit2/install/moveit_setup_srdf_plugins:/home/pedro/ws_moveit2/install/moveit_setup_core_plugins:/home/pedro/ws_moveit2/install/moveit_setup_controllers:/home/pedro/ws_moveit2/install/moveit_setup_app_plugins:/home/pedro/ws_moveit2/install/moveit_setup_framework:/home/pedro/ws_moveit2/install/moveit_servo:/home/pedro/ws_moveit2/install/moveit_ros:/home/pedro/ws_moveit2/install/moveit_ros_visualization:/home/pedro/ws_moveit2/install/moveit_hybrid_planning:/home/pedro/ws_moveit2/install/hello_moveit:/home/pedro/ws_moveit2/install/moveit_ros_planning_interface:/home/pedro/ws_moveit2/install/moveit_ros_benchmarks:/home/pedro/ws_moveit2/install/moveit_ros_warehouse:/home/pedro/ws_moveit2/install/moveit_ros_robot_interaction:/home/pedro/ws_moveit2/install/moveit_ros_perception:/home/pedro/ws_moveit2/install/moveit_resources_prbt_pg70_support:/home/pedro/ws_moveit2/install/moveit_resources_prbt_moveit_config:/home/pedro/ws_moveit2/install/moveit_ros_move_group:/home/pedro/ws_moveit2/install/moveit_planners_ompl:/home/pedro/ws_moveit2/install/moveit_ros_planning:/home/pedro/ws_moveit2/install/moveit_ros_occupancy_map_monitor:/home/pedro/ws_moveit2/install/moveit_resources_prbt_ikfast_manipulator_plugin:/home/pedro/ws_moveit2/install/moveit_planners_chomp:/home/pedro/ws_moveit2/install/moveit_kinematics:/home/pedro/ws_moveit2/install/moveit_chomp_optimizer_adapter:/home/pedro/ws_moveit2/install/chomp_motion_planner:/home/pedro/ws_moveit2/install/moveit_core:/home/pedro/ws_moveit2/install/srdfdom:/home/pedro/ws_moveit2/install/rviz_marker_tools:/home/pedro/ws_moveit2/install/rosparam_shortcuts:/home/pedro/ws_moveit2/install/moveit_task_constructor_msgs:/home/pedro/ws_moveit2/install/moveit_resources_prbt_support:/home/pedro/ws_moveit2/install/moveit_resources:/home/pedro/ws_moveit2/install/moveit_resources_pr2_description:/home/pedro/ws_moveit2/install/moveit_resources_panda_moveit_config:/home/pedro/ws_moveit2/install/moveit_resources_panda_description:/home/pedro/ws_moveit2/install/moveit_resources_fanuc_moveit_config:/home/pedro/ws_moveit2/install/moveit_resources_fanuc_description:/home/pedro/ws_moveit2/install/moveit_common:/home/pedro/ws_mycobot/install/mypalletizer_interfaces:/home/pedro/ws_mycobot/install/mycobot_interfaces:/home/pedro/ws_mycobot/install/mecharm_interfaces:/home/pedro/ws_moveit2/install/moveit_configs_utils:/home/pedro/ws_moveit2/install/launch_param_builder:/home/pedro/ws_mycobot/install/ultraarm:/home/pedro/ws_mycobot/install/mypalletizer_260_pi:/home/pedro/ws_mycobot/install/mypalletizer_260:/home/pedro/ws_mycobot/install/mypalletizer_communication:/home/pedro/ws_mycobot/install/mycobot_320pi:/home/pedro/ws_mycobot/install/mycobot_320:/home/pedro/ws_mycobot/install/mycobot_280pi:/home/pedro/ws_mycobot/install/mycobot_280jn:/home/pedro/ws_mycobot/install/mycobot_280:/home/pedro/ws_mycobot/install/mycobot_communication:/home/pedro/ws_mycobot/install/mecharm_pi:/home/pedro/ws_mycobot/install/mecharm:/home/pedro/ws_mycobot/install/mecharm_communication:/home/pedro/ws_mycobot/install/mybuddy:/home/pedro/ws_mycobot/install/mycobot_description:/opt/ros/humble /usr/bin/cmake --install /home/pedro/Mechanical_Analysis/ROS2_ws/build/denso_cobotta_moveit_config
[1.734s] Level 1:colcon.colcon_core.environment:checking '/home/pedro/Mechanical_Analysis/ROS2_ws/install/denso_cobotta_moveit_config' for CMake config files
[1.734s] Level 1:colcon.colcon_core.shell:create_environment_hook('denso_cobotta_moveit_config', 'cmake_prefix_path')
[1.736s] INFO:colcon.colcon_core.shell:Creating environment hook '/home/pedro/Mechanical_Analysis/ROS2_ws/install/denso_cobotta_moveit_config/share/denso_cobotta_moveit_config/hook/cmake_prefix_path.ps1'
[1.737s] INFO:colcon.colcon_core.shell:Creating environment descriptor '/home/pedro/Mechanical_Analysis/ROS2_ws/install/denso_cobotta_moveit_config/share/denso_cobotta_moveit_config/hook/cmake_prefix_path.dsv'
[1.737s] INFO:colcon.colcon_core.shell:Creating environment hook '/home/pedro/Mechanical_Analysis/ROS2_ws/install/denso_cobotta_moveit_config/share/denso_cobotta_moveit_config/hook/cmake_prefix_path.sh'
[1.737s] Level 1:colcon.colcon_core.environment:checking '/home/pedro/Mechanical_Analysis/ROS2_ws/install/denso_cobotta_moveit_config/bin'
[1.737s] Level 1:colcon.colcon_core.environment:checking '/home/pedro/Mechanical_Analysis/ROS2_ws/install/denso_cobotta_moveit_config/lib/pkgconfig/denso_cobotta_moveit_config.pc'
[1.737s] Level 1:colcon.colcon_core.environment:checking '/home/pedro/Mechanical_Analysis/ROS2_ws/install/denso_cobotta_moveit_config/lib/python3.10/site-packages'
[1.737s] Level 1:colcon.colcon_core.environment:checking '/home/pedro/Mechanical_Analysis/ROS2_ws/install/denso_cobotta_moveit_config/bin'
[1.740s] INFO:colcon.colcon_core.shell:Creating package script '/home/pedro/Mechanical_Analysis/ROS2_ws/install/denso_cobotta_moveit_config/share/denso_cobotta_moveit_config/package.ps1'
[1.740s] INFO:colcon.colcon_core.shell:Creating package descriptor '/home/pedro/Mechanical_Analysis/ROS2_ws/install/denso_cobotta_moveit_config/share/denso_cobotta_moveit_config/package.dsv'
[1.740s] INFO:colcon.colcon_core.shell:Creating package script '/home/pedro/Mechanical_Analysis/ROS2_ws/install/denso_cobotta_moveit_config/share/denso_cobotta_moveit_config/package.sh'
[1.740s] INFO:colcon.colcon_core.shell:Creating package script '/home/pedro/Mechanical_Analysis/ROS2_ws/install/denso_cobotta_moveit_config/share/denso_cobotta_moveit_config/package.bash'
[1.740s] INFO:colcon.colcon_core.shell:Creating package script '/home/pedro/Mechanical_Analysis/ROS2_ws/install/denso_cobotta_moveit_config/share/denso_cobotta_moveit_config/package.zsh'
[1.741s] Level 1:colcon.colcon_core.environment:create_file_with_runtime_dependencies(/home/pedro/Mechanical_Analysis/ROS2_ws/install/denso_cobotta_moveit_config/share/colcon-core/packages/denso_cobotta_moveit_config)
[1.765s] Level 1:colcon.colcon_core.environment:create_environment_scripts_only(denso_cobotta_moveit_config)
[1.767s] Level 1:colcon.colcon_core.environment:checking '/home/pedro/Mechanical_Analysis/ROS2_ws/install/denso_cobotta_moveit_config' for CMake module files
[1.768s] Level 1:colcon.colcon_core.environment:checking '/home/pedro/Mechanical_Analysis/ROS2_ws/install/denso_cobotta_moveit_config' for CMake config files
[1.768s] Level 1:colcon.colcon_core.shell:create_environment_hook('denso_cobotta_moveit_config', 'cmake_prefix_path')
[1.770s] INFO:colcon.colcon_core.shell:Creating environment hook '/home/pedro/Mechanical_Analysis/ROS2_ws/install/denso_cobotta_moveit_config/share/denso_cobotta_moveit_config/hook/cmake_prefix_path.ps1'
[1.770s] INFO:colcon.colcon_core.shell:Creating environment descriptor '/home/pedro/Mechanical_Analysis/ROS2_ws/install/denso_cobotta_moveit_config/share/denso_cobotta_moveit_config/hook/cmake_prefix_path.dsv'
[1.770s] INFO:colcon.colcon_core.shell:Creating environment hook '/home/pedro/Mechanical_Analysis/ROS2_ws/install/denso_cobotta_moveit_config/share/denso_cobotta_moveit_config/hook/cmake_prefix_path.sh'
[1.771s] Level 1:colcon.colcon_core.environment:checking '/home/pedro/Mechanical_Analysis/ROS2_ws/install/denso_cobotta_moveit_config/bin'
[1.771s] Level 1:colcon.colcon_core.environment:checking '/home/pedro/Mechanical_Analysis/ROS2_ws/install/denso_cobotta_moveit_config/lib/pkgconfig/denso_cobotta_moveit_config.pc'
[1.771s] Level 1:colcon.colcon_core.environment:checking '/home/pedro/Mechanical_Analysis/ROS2_ws/install/denso_cobotta_moveit_config/lib/python3.10/site-packages'
[1.771s] Level 1:colcon.colcon_core.environment:checking '/home/pedro/Mechanical_Analysis/ROS2_ws/install/denso_cobotta_moveit_config/bin'
[1.773s] INFO:colcon.colcon_core.shell:Creating package script '/home/pedro/Mechanical_Analysis/ROS2_ws/install/denso_cobotta_moveit_config/share/denso_cobotta_moveit_config/package.ps1'
[1.773s] INFO:colcon.colcon_core.shell:Creating package descriptor '/home/pedro/Mechanical_Analysis/ROS2_ws/install/denso_cobotta_moveit_config/share/denso_cobotta_moveit_config/package.dsv'
[1.774s] INFO:colcon.colcon_core.shell:Creating package script '/home/pedro/Mechanical_Analysis/ROS2_ws/install/denso_cobotta_moveit_config/share/denso_cobotta_moveit_config/package.sh'
[1.774s] INFO:colcon.colcon_core.shell:Creating package script '/home/pedro/Mechanical_Analysis/ROS2_ws/install/denso_cobotta_moveit_config/share/denso_cobotta_moveit_config/package.bash'
[1.774s] INFO:colcon.colcon_core.shell:Creating package script '/home/pedro/Mechanical_Analysis/ROS2_ws/install/denso_cobotta_moveit_config/share/denso_cobotta_moveit_config/package.zsh'
[1.774s] Level 1:colcon.colcon_core.environment:create_file_with_runtime_dependencies(/home/pedro/Mechanical_Analysis/ROS2_ws/install/denso_cobotta_moveit_config/share/colcon-core/packages/denso_cobotta_moveit_config)
[1.774s] DEBUG:colcon.colcon_parallel_executor.executor.parallel:closing loop
[1.775s] DEBUG:colcon.colcon_parallel_executor.executor.parallel:loop closed
[1.775s] DEBUG:colcon.colcon_parallel_executor.executor.parallel:run_until_complete finished with '0'
[1.775s] DEBUG:colcon.colcon_core.event_reactor:joining thread
[1.778s] INFO:colcon.colcon_core.plugin_system:Skipping extension 'colcon_notification.desktop_notification.terminal_notifier': Not used on non-Darwin systems
[1.778s] INFO:colcon.colcon_core.plugin_system:Skipping extension 'colcon_notification.desktop_notification.win32': Not used on non-Windows systems
[1.778s] INFO:colcon.colcon_notification.desktop_notification:Sending desktop notification using 'notify2'
[1.786s] DEBUG:colcon.colcon_core.event_reactor:joined thread
[1.788s] INFO:colcon.colcon_core.shell:Creating prefix script '/home/pedro/Mechanical_Analysis/ROS2_ws/install/local_setup.ps1'
[1.789s] INFO:colcon.colcon_core.shell:Creating prefix util module '/home/pedro/Mechanical_Analysis/ROS2_ws/install/_local_setup_util_ps1.py'
[1.790s] INFO:colcon.colcon_core.shell:Creating prefix chain script '/home/pedro/Mechanical_Analysis/ROS2_ws/install/setup.ps1'
[1.793s] INFO:colcon.colcon_core.shell:Creating prefix script '/home/pedro/Mechanical_Analysis/ROS2_ws/install/local_setup.sh'
[1.793s] INFO:colcon.colcon_core.shell:Creating prefix util module '/home/pedro/Mechanical_Analysis/ROS2_ws/install/_local_setup_util_sh.py'
[1.793s] INFO:colcon.colcon_core.shell:Creating prefix chain script '/home/pedro/Mechanical_Analysis/ROS2_ws/install/setup.sh'
[1.796s] INFO:colcon.colcon_core.shell:Creating prefix script '/home/pedro/Mechanical_Analysis/ROS2_ws/install/local_setup.bash'
[1.796s] INFO:colcon.colcon_core.shell:Creating prefix chain script '/home/pedro/Mechanical_Analysis/ROS2_ws/install/setup.bash'
[1.798s] INFO:colcon.colcon_core.shell:Creating prefix script '/home/pedro/Mechanical_Analysis/ROS2_ws/install/local_setup.zsh'
[1.798s] INFO:colcon.colcon_core.shell:Creating prefix chain script '/home/pedro/Mechanical_Analysis/ROS2_ws/install/setup.zsh'
