-- Install configuration: ""
-- Up-to-date: /home/pedro/Mechanical_Analysis/ROS2_ws/install/denso_cobotta_description/share/ament_index/resource_index/package_run_dependencies/denso_cobotta_description
-- Up-to-date: /home/pedro/Mechanical_Analysis/ROS2_ws/install/denso_cobotta_description/share/ament_index/resource_index/parent_prefix_path/denso_cobotta_description
-- Up-to-date: /home/pedro/Mechanical_Analysis/ROS2_ws/install/denso_cobotta_description/share/denso_cobotta_description/environment/ament_prefix_path.sh
-- Up-to-date: /home/pedro/Mechanical_Analysis/ROS2_ws/install/denso_cobotta_description/share/denso_cobotta_description/environment/ament_prefix_path.dsv
-- Up-to-date: /home/pedro/Mechanical_Analysis/ROS2_ws/install/denso_cobotta_description/share/denso_cobotta_description/environment/path.sh
-- Up-to-date: /home/pedro/Mechanical_Analysis/ROS2_ws/install/denso_cobotta_description/share/denso_cobotta_description/environment/path.dsv
-- Up-to-date: /home/pedro/Mechanical_Analysis/ROS2_ws/install/denso_cobotta_description/share/denso_cobotta_description/local_setup.bash
-- Up-to-date: /home/pedro/Mechanical_Analysis/ROS2_ws/install/denso_cobotta_description/share/denso_cobotta_description/local_setup.sh
-- Up-to-date: /home/pedro/Mechanical_Analysis/ROS2_ws/install/denso_cobotta_description/share/denso_cobotta_description/local_setup.zsh
-- Up-to-date: /home/pedro/Mechanical_Analysis/ROS2_ws/install/denso_cobotta_description/share/denso_cobotta_description/local_setup.dsv
-- Installing: /home/pedro/Mechanical_Analysis/ROS2_ws/install/denso_cobotta_description/share/denso_cobotta_description/package.dsv
-- Up-to-date: /home/pedro/Mechanical_Analysis/ROS2_ws/install/denso_cobotta_description/share/ament_index/resource_index/packages/denso_cobotta_description
-- Up-to-date: /home/pedro/Mechanical_Analysis/ROS2_ws/install/denso_cobotta_description/share/denso_cobotta_description/cmake/denso_cobotta_descriptionConfig.cmake
-- Up-to-date: /home/pedro/Mechanical_Analysis/ROS2_ws/install/denso_cobotta_description/share/denso_cobotta_description/cmake/denso_cobotta_descriptionConfig-version.cmake
-- Up-to-date: /home/pedro/Mechanical_Analysis/ROS2_ws/install/denso_cobotta_description/share/denso_cobotta_description/package.xml
-- Up-to-date: /home/pedro/Mechanical_Analysis/ROS2_ws/install/denso_cobotta_description/share/denso_cobotta_description/urdf
-- Up-to-date: /home/pedro/Mechanical_Analysis/ROS2_ws/install/denso_cobotta_description/share/denso_cobotta_description/urdf/vacuum.urdf.xacro
-- Up-to-date: /home/pedro/Mechanical_Analysis/ROS2_ws/install/denso_cobotta_description/share/denso_cobotta_description/urdf/parallel.urdf.xacro
-- Up-to-date: /home/pedro/Mechanical_Analysis/ROS2_ws/install/denso_cobotta_description/share/denso_cobotta_description/urdf/cobotta.urdf.xacro
-- Up-to-date: /home/pedro/Mechanical_Analysis/ROS2_ws/install/denso_cobotta_description/share/denso_cobotta_description/meshes
-- Up-to-date: /home/pedro/Mechanical_Analysis/ROS2_ws/install/denso_cobotta_description/share/denso_cobotta_description/meshes/collision
-- Up-to-date: /home/pedro/Mechanical_Analysis/ROS2_ws/install/denso_cobotta_description/share/denso_cobotta_description/meshes/collision/tool
-- Up-to-date: /home/pedro/Mechanical_Analysis/ROS2_ws/install/denso_cobotta_description/share/denso_cobotta_description/meshes/collision/tool/vacuum.dae
-- Up-to-date: /home/pedro/Mechanical_Analysis/ROS2_ws/install/denso_cobotta_description/share/denso_cobotta_description/meshes/collision/tool/pad.dae
-- Up-to-date: /home/pedro/Mechanical_Analysis/ROS2_ws/install/denso_cobotta_description/share/denso_cobotta_description/meshes/collision/tool/gripper_base.dae
-- Up-to-date: /home/pedro/Mechanical_Analysis/ROS2_ws/install/denso_cobotta_description/share/denso_cobotta_description/meshes/collision/tool/right_finger.dae
-- Up-to-date: /home/pedro/Mechanical_Analysis/ROS2_ws/install/denso_cobotta_description/share/denso_cobotta_description/meshes/collision/tool/left_finger.dae
-- Up-to-date: /home/pedro/Mechanical_Analysis/ROS2_ws/install/denso_cobotta_description/share/denso_cobotta_description/meshes/collision/robot
-- Up-to-date: /home/pedro/Mechanical_Analysis/ROS2_ws/install/denso_cobotta_description/share/denso_cobotta_description/meshes/collision/robot/J1.dae
-- Up-to-date: /home/pedro/Mechanical_Analysis/ROS2_ws/install/denso_cobotta_description/share/denso_cobotta_description/meshes/collision/robot/base_link.dae
-- Up-to-date: /home/pedro/Mechanical_Analysis/ROS2_ws/install/denso_cobotta_description/share/denso_cobotta_description/meshes/collision/robot/J5.dae
-- Up-to-date: /home/pedro/Mechanical_Analysis/ROS2_ws/install/denso_cobotta_description/share/denso_cobotta_description/meshes/collision/robot/J6.dae
-- Up-to-date: /home/pedro/Mechanical_Analysis/ROS2_ws/install/denso_cobotta_description/share/denso_cobotta_description/meshes/collision/robot/J2.dae
-- Up-to-date: /home/pedro/Mechanical_Analysis/ROS2_ws/install/denso_cobotta_description/share/denso_cobotta_description/meshes/collision/robot/J3.dae
-- Up-to-date: /home/pedro/Mechanical_Analysis/ROS2_ws/install/denso_cobotta_description/share/denso_cobotta_description/meshes/collision/robot/J4.dae
-- Up-to-date: /home/pedro/Mechanical_Analysis/ROS2_ws/install/denso_cobotta_description/share/denso_cobotta_description/meshes/visual
-- Up-to-date: /home/pedro/Mechanical_Analysis/ROS2_ws/install/denso_cobotta_description/share/denso_cobotta_description/meshes/visual/tool
-- Up-to-date: /home/pedro/Mechanical_Analysis/ROS2_ws/install/denso_cobotta_description/share/denso_cobotta_description/meshes/visual/tool/vacuum.dae
-- Up-to-date: /home/pedro/Mechanical_Analysis/ROS2_ws/install/denso_cobotta_description/share/denso_cobotta_description/meshes/visual/tool/pad.dae
-- Up-to-date: /home/pedro/Mechanical_Analysis/ROS2_ws/install/denso_cobotta_description/share/denso_cobotta_description/meshes/visual/tool/gripper_base.dae
-- Up-to-date: /home/pedro/Mechanical_Analysis/ROS2_ws/install/denso_cobotta_description/share/denso_cobotta_description/meshes/visual/tool/right_finger.dae
-- Up-to-date: /home/pedro/Mechanical_Analysis/ROS2_ws/install/denso_cobotta_description/share/denso_cobotta_description/meshes/visual/tool/left_finger.dae
-- Up-to-date: /home/pedro/Mechanical_Analysis/ROS2_ws/install/denso_cobotta_description/share/denso_cobotta_description/meshes/visual/robot
-- Up-to-date: /home/pedro/Mechanical_Analysis/ROS2_ws/install/denso_cobotta_description/share/denso_cobotta_description/meshes/visual/robot/J1.dae
-- Up-to-date: /home/pedro/Mechanical_Analysis/ROS2_ws/install/denso_cobotta_description/share/denso_cobotta_description/meshes/visual/robot/base_link.dae
-- Up-to-date: /home/pedro/Mechanical_Analysis/ROS2_ws/install/denso_cobotta_description/share/denso_cobotta_description/meshes/visual/robot/J5.dae
-- Up-to-date: /home/pedro/Mechanical_Analysis/ROS2_ws/install/denso_cobotta_description/share/denso_cobotta_description/meshes/visual/robot/J6.dae
-- Up-to-date: /home/pedro/Mechanical_Analysis/ROS2_ws/install/denso_cobotta_description/share/denso_cobotta_description/meshes/visual/robot/J2.dae
-- Up-to-date: /home/pedro/Mechanical_Analysis/ROS2_ws/install/denso_cobotta_description/share/denso_cobotta_description/meshes/visual/robot/J3.dae
-- Up-to-date: /home/pedro/Mechanical_Analysis/ROS2_ws/install/denso_cobotta_description/share/denso_cobotta_description/meshes/visual/robot/J4.dae
-- Up-to-date: /home/pedro/Mechanical_Analysis/ROS2_ws/install/denso_cobotta_description/share/denso_cobotta_description/launch
-- Up-to-date: /home/pedro/Mechanical_Analysis/ROS2_ws/install/denso_cobotta_description/share/denso_cobotta_description/config
-- Up-to-date: /home/pedro/Mechanical_Analysis/ROS2_ws/install/denso_cobotta_description/share/denso_cobotta_description/.setup_assistant
